#
# A fatal error has been detected by the Java Runtime Environment:
#
#  Internal Error (jvmciRuntime.cpp:1609), pid=28, tid=42
#  fatal error: Fatal exception in JVMCI: Error calling jdk.vm.ci.services.Services.serializeSavedProperties
#
# JRE version: OpenJDK Runtime Environment GraalVM CE 22.3.0 (17.0.5+8) (build 17.0.5+8-jvmci-22.3-b08)
# Java VM: OpenJDK 64-Bit Server VM GraalVM CE 22.3.0 (17.0.5+8-jvmci-22.3-b08, mixed mode, sharing, tiered, jvmci, jvmci compiler, compressed oops, compressed class ptrs, parallel gc, linux-amd64)
# Problematic frame:
# V  [libjvm.so+0x972714]  JVMCIRuntime::fatal_exception(JVMCIEnv*, char const*)+0x74
#
# Core dump will be written. Default location: Core dumps may be processed with "/usr/share/apport/apport -p%p -s%s -c%c -d%d -P%P -u%u -g%g -- %E" (or dumping to /home/runner/DSA/core.28)
#
# If you would like to submit a bug report, please visit:
#   https://github.com/oracle/graal/issues
#

---------------  S U M M A R Y ------------

Command Line: -XX:ThreadPriorityPolicy=1 -XX:+UnlockExperimentalVMOptions -XX:+EnableJVMCIProduct -XX:JVMCIThreadsPerNativeLibraryRuntime=1 -XX:-UnlockExperimentalVMOptions -Declipse.application=org.eclipse.jdt.ls.core.id1 -Dosgi.bundles.defaultStartLevel=4 -Declipse.product=org.eclipse.jdt.ls.core.product -Dlog.level=ALL -Xverify:none -XX:+UseParallelGC -XX:GCTimeRatio=4 -XX:AdaptiveSizePolicyWeight=90 -Dsun.zip.disableMemoryMapping=true -Xmx512m -Xms100m /nix/store/a7s9klvriqi68xz3qjc0qyfl5h86xc16-jdt-language-server-1.9.0/share/java/plugins/org.eclipse.equinox.launcher_1.6.400.v20210924-0641.jar --add-modules=ALL-SYSTEM --add-opens java.base/java.util=ALL-UNNAMED --add-opens java.base/java.lang=ALL-UNNAMED -configuration /home/runner/DSA/.cache/jdt-language-server/config -data /home/runner/DSA/.cache/jdt-language-server/data/home/runner/DSA

Host: Intel(R) Xeon(R) CPU @ 2.20GHz, 8 cores, 1G, Ubuntu 20.04.2 LTS
Time: Sun Nov 26 08:33:17 2023 UTC elapsed time: 2756.595290 seconds (0d 0h 45m 56s)

---------------  T H R E A D  ---------------

Current thread (0x00007fa7780b1c00):  JavaThread "JVMCI-native CompilerThread0" daemon [_thread_in_vm, id=42, stack(0x00007fa75c61a000,0x00007fa75c81a000)]


Current CompileTask:
JVMCI-native:2756595 8656       4       org.eclipse.jdt.internal.compiler.lookup.ModuleBinding::recordExportRestrictions (98 bytes)

Stack: [0x00007fa75c61a000,0x00007fa75c81a000],  sp=0x00007fa75c818380,  free space=2040k
Native frames: (J=compiled Java code, j=interpreted, Vv=VM code, C=native code)
V  [libjvm.so+0x972714]  JVMCIRuntime::fatal_exception(JVMCIEnv*, char const*)+0x74
V  [libjvm.so+0x93e2fe]  JVMCIEnv::copy_saved_properties()+0x14e
V  [libjvm.so+0x9732a9]  JVMCIRuntime::initialize(JVMCIEnv*)+0xb19
V  [libjvm.so+0x9738a2]  JVMCIRuntime::get_HotSpotJVMCIRuntime(JVMCIEnv*)+0x12
V  [libjvm.so+0x9749f2]  JVMCIRuntime::compile_method(JVMCIEnv*, JVMCICompiler*, methodHandle const&, int)+0xd2
V  [libjvm.so+0x5b0d20]  CompileBroker::invoke_compiler_on_method(CompileTask*)+0x1470
V  [libjvm.so+0x5b12e8]  CompileBroker::compiler_thread_loop()+0x528
V  [libjvm.so+0xd82460]  JavaThread::thread_main_inner()+0xd0
V  [libjvm.so+0xd85a40]  Thread::call_run()+0xc0
V  [libjvm.so+0xbdb1e1]  thread_native_entry(Thread*)+0xe1

Register to memory mapping:

RAX=0x00007fa77c2c0000 points into unknown readable memory: 0x0000000000000058 | 58 00 00 00 00 00 00 00
RBX=0x00007fa77d3bb398: <offset 0x0000000000ef5398> in /nix/store/gpxl5qgg8kicmcvivwmybwjlpf7wh20l-graalvm17-ce-22.3.0/lib/server/libjvm.so at 0x00007fa77c4c6000
RCX=0x00007fa77d3731e8: <offset 0x0000000000ead1e8> in /nix/store/gpxl5qgg8kicmcvivwmybwjlpf7wh20l-graalvm17-ce-22.3.0/lib/server/libjvm.so at 0x00007fa77c4c6000
RDX=0x0000000000000649 is an unknown value
RSP=0x00007fa75c818380 is pointing into the stack for thread: 0x00007fa7780b1c00
RBP=0x00007fa75c8183a0 is pointing into the stack for thread: 0x00007fa7780b1c00
RSI=0x00007fa77d3bbc48: <offset 0x0000000000ef5c48> in /nix/store/gpxl5qgg8kicmcvivwmybwjlpf7wh20l-graalvm17-ce-22.3.0/lib/server/libjvm.so at 0x00007fa77c4c6000
RDI=0x00000000e0000000 is an oop: java.lang.String 
{0x00000000e0000000} - klass: 'java/lang/String'
 - string: "resolution"
R8 =0x00007fa77d3bb398: <offset 0x0000000000ef5398> in /nix/store/gpxl5qgg8kicmcvivwmybwjlpf7wh20l-graalvm17-ce-22.3.0/lib/server/libjvm.so at 0x00007fa77c4c6000
R9 =0x00007fa75c818330 is pointing into the stack for thread: 0x00007fa7780b1c00
R10=0x00007fa75c819948 is pointing into the stack for thread: 0x00007fa7780b1c00
R11=0x0000000000000293 is an unknown value
R12=0x0 is NULL
R13=0x00007fa7780b1c00 is a thread
R14=0x00007fa778000b80 points into unknown readable memory: 0x00007fa77d5eca38 | 38 ca 5e 7d a7 7f 00 00
R15=0x00007fa77d6fae40: <offset 0x0000000001234e40> in /nix/store/gpxl5qgg8kicmcvivwmybwjlpf7wh20l-graalvm17-ce-22.3.0/lib/server/libjvm.so at 0x00007fa77c4c6000


Registers:
RAX=0x00007fa77c2c0000, RBX=0x00007fa77d3bb398, RCX=0x00007fa77d3731e8, RDX=0x0000000000000649
RSP=0x00007fa75c818380, RBP=0x00007fa75c8183a0, RSI=0x00007fa77d3bbc48, RDI=0x00000000e0000000
R8 =0x00007fa77d3bb398, R9 =0x00007fa75c818330, R10=0x00007fa75c819948, R11=0x0000000000000293
R12=0x0000000000000000, R13=0x00007fa7780b1c00, R14=0x00007fa778000b80, R15=0x00007fa77d6fae40
RIP=0x00007fa77ce38714, EFLAGS=0x0000000000010206, CSGSFS=0x002b000000000033, ERR=0x0000000000000006
  TRAPNO=0x000000000000000e

Top of Stack: (sp=0x00007fa75c818380)
0x00007fa75c818380:   00007fa75c818940 00007fa7780b1c00
0x00007fa75c818390:   00007fa75e0aa8c8 0000000800c417a0
0x00007fa75c8183a0:   00007fa75c818500 00007fa77ce042fe
0x00007fa75c8183b0:   00007fa75c8183e0 00007fa75c818440 

Instructions: (pc=0x00007fa77ce38714)
0x00007fa77ce38614:   30 e8 f6 cf e8 ff 4c 89 e7 e8 2e 48 d1 ff 84 db
0x00007fa77ce38624:   75 2a 4d 85 ed 74 04 4d 8b 6d 00 48 83 c4 08 44
0x00007fa77ce38634:   89 f9 4c 89 f2 4c 89 ee 5b 4c 89 e7 41 5c 41 5d
0x00007fa77ce38644:   41 5e 41 5f 5d e9 e2 47 d1 ff 66 90 48 83 c4 08
0x00007fa77ce38654:   5b 41 5c 41 5d 41 5e 41 5f 5d c3 90 31 d2 be 08
0x00007fa77ce38664:   00 00 00 4c 89 ff e8 b1 78 a3 ff 49 89 c5 e9 37
0x00007fa77ce38674:   ff ff ff 66 0f 1f 84 00 00 00 00 00 48 8b 7a 08
0x00007fa77ce38684:   e9 6d ff ff ff 0f 1f 80 00 00 00 00 e8 5b 48 0a
0x00007fa77ce38694:   00 84 c0 75 89 e9 6a ff ff ff 66 90 55 48 89 e5
0x00007fa77ce386a4:   41 56 41 55 41 54 49 89 fc 53 48 89 f3 66 48 8d
0x00007fa77ce386b4:   3d 27 5e 85 00 66 66 48 e8 df 43 8d ff 4c 8b 28
0x00007fa77ce386c4:   8b 05 be 72 8a 00 85 c0 75 14 ba 01 00 00 00 48
0x00007fa77ce386d4:   8d 0d ae 72 8a 00 f0 0f b1 11 85 c0 74 4e be c8
0x00007fa77ce386e4:   00 00 00 4c 89 ef e8 01 0b 41 00 48 8d 05 12 ac
0x00007fa77ce386f4:   85 00 49 89 d8 48 8d 0d e8 aa 53 00 ba 49 06 00
0x00007fa77ce38704:   00 48 8d 35 3c 35 58 00 bf 00 00 00 e0 48 8b 00
0x00007fa77ce38714:   c6 00 58 31 c0 e8 e2 91 c6 ff 5b 41 5c 41 5d 41
0x00007fa77ce38724:   5e 5d e9 55 34 26 00 0f 1f 44 00 00 48 8d 05 81
0x00007fa77ce38734:   a3 8b 00 48 89 df 4c 8b 30 e8 9e 43 8d ff 48 89
0x00007fa77ce38744:   de 48 89 c2 49 8b 06 4c 89 f7 ff 50 08 4c 89 f7
0x00007fa77ce38754:   e8 a7 5c 27 00 4d 85 e4 74 12 be 01 00 00 00 4c
0x00007fa77ce38764:   89 e7 e8 35 43 fc ff eb 82 0f 1f 00 be 01 00 00
0x00007fa77ce38774:   00 4c 89 ef e8 d3 fd ff ff e9 6d ff ff ff 66 66
0x00007fa77ce38784:   2e 0f 1f 84 00 00 00 00 00 0f 1f 00 55 48 89 e5
0x00007fa77ce38794:   41 57 41 56 41 55 41 54 53 48 81 ec 08 02 00 00
0x00007fa77ce387a4:   64 48 8b 04 25 28 00 00 00 48 89 45 c8 8b 07 83
0x00007fa77ce387b4:   f8 02 0f 84 11 04 00 00 4c 8b 6f 18 49 89 ff 49
0x00007fa77ce387c4:   89 f4 4d 85 ed 74 14 4c 89 ef e8 5d 57 22 00 41
0x00007fa77ce387d4:   8b 07 83 f8 02 0f 84 19 04 00 00 48 8d 1d 9a 06
0x00007fa77ce387e4:   8a 00 4c 8d 35 0b 3c 58 00 eb 38 90 48 85 d2 7f
0x00007fa77ce387f4:   0d 48 8d 05 b4 c0 85 00 48 83 38 00 7e 0e 41 8b
0x00007fa77ce38804:   77 2c 4c 89 f7 31 c0 e8 a0 b2 f7 ff 49 8b 7f 18 


Stack slot to memory mapping:
stack at sp + 0 slots: 0x00007fa75c818940 is pointing into the stack for thread: 0x00007fa7780b1c00
stack at sp + 1 slots: 0x00007fa7780b1c00 is a thread
stack at sp + 2 slots: 0x00007fa75e0aa8c8 points into unknown readable memory: 0x65730018052dffff | ff ff 2d 05 18 00 73 65
stack at sp + 3 slots: 0x0000000800c417a0 is a pointer to class: 
jdk.vm.ci.services.Services {0x0000000800c417a0}
 - instance size:     2
 - klass size:        65
 - access:            public final synchronized 
 - state:             fully_initialized
 - name:              'jdk/vm/ci/services/Services'
 - super:             'java/lang/Object'
 - sub:               
 - arrays:            NULL
 - methods:           Array<T>(0x00007fa75d0436e8)
 - method ordering:   Array<T>(0x0000000800928960)
 - default_methods:   Array<T>(0x0000000000000000)
 - local interfaces:  Array<T>(0x00000008005ce810)
 - trans. interfaces: Array<T>(0x00000008005ce810)
 - constants:         constant pool [427] {0x00007fa75d042678} for 'jdk/vm/ci/services/Services' cache=0x00007fa75d0449f0
 - class loader data:  loader data: 0x00007fa778027cc0 of 'bootstrap'
 - source file:       'Services.java'
 - class annotations:       Array<T>(0x0000000000000000)
 - class type annotations:  Array<T>(0x0000000000000000)
 - field annotations:       Array<T>(0x0000000000000000)
 - field type annotations:  Array<T>(0x0000000000000000)
 - inner classes:     Array<T>(0x00007fa75d0449c0)
 - nest members:     Array<T>(0x00007fa75d0449e0)
 - permitted subclasses:     Array<T>(0x00000008005ce7a0)
 - java mirror:       a 'java/lang/Class'{0x00000000e0147aa0} = 'jdk/vm/ci/services/Services'
 - vtable length      5  (start addr: 0x0000000800c41970)
 - itable length      2 (start addr: 0x0000000800c41998)
 - ---- static fields (3 words):
 - public static final 'IS_BUILDING_NATIVE_IMAGE' 'Z' @128 
 - public static final 'IS_IN_NATIVE_IMAGE' 'Z' @129 
 - private static volatile 'savedProperties' 'Ljava/util/Map;' @112 
 - static final 'JVMCI_ENABLED' 'Z' @130 
 - private static final 'servicesCache' 'Ljava/util/Map;' @116 
 - private static final 'MAX_UNICODE_IN_UTF8_LENGTH' 'I' @120 
 - private static final 'MAX_UTF8_PROPERTY_STRING_LENGTH' 'I' @124 
 - ---- non-static fields (0 words):
 - non-static oop maps: 
stack at sp + 4 slots: 0x00007fa75c818500 is pointing into the stack for thread: 0x00007fa7780b1c00
stack at sp + 5 slots: 0x00007fa77ce042fe: <offset 0x000000000093e2fe> in /nix/store/gpxl5qgg8kicmcvivwmybwjlpf7wh20l-graalvm17-ce-22.3.0/lib/server/libjvm.so at 0x00007fa77c4c6000
stack at sp + 6 slots: 0x00007fa75c8183e0 is pointing into the stack for thread: 0x00007fa7780b1c00
stack at sp + 7 slots: 0x00007fa75c818440 is pointing into the stack for thread: 0x00007fa7780b1c00


---------------  P R O C E S S  ---------------

Threads class SMR info:
_java_thread_list=0x00007fa6f4278ef0, length=27, elements={
0x00007fa778025f60, 0x00007fa7780a5f00, 0x00007fa7780a7340, 0x00007fa7780ada70,
0x00007fa7780aee20, 0x00007fa7780b0210, 0x00007fa7780b1c00, 0x00007fa7780b3110,
0x00007fa7780b4170, 0x00007fa7780d6e50, 0x00007fa77811efb0, 0x00007fa77833b020,
0x00007fa778211540, 0x00007fa778216010, 0x00007fa7781d2900, 0x00007fa70c017060,
0x00007fa70c2e1f70, 0x00007fa6fc007440, 0x00007fa70c4c44a0, 0x00007fa70c67ba40,
0x00007fa77847acd0, 0x00007fa7783d41a0, 0x00007fa6e4000ff0, 0x00007fa6fc0def60,
0x00007fa6e01b2670, 0x00007fa6e01b1b50, 0x00007fa6f432dc20
}

Java Threads: ( => current thread )
  0x00007fa778025f60 JavaThread "main" [_thread_blocked, id=34, stack(0x00007fa77c2e1000,0x00007fa77c3e1000)]
  0x00007fa7780a5f00 JavaThread "Reference Handler" daemon [_thread_blocked, id=37, stack(0x00007fa75cf00000,0x00007fa75d000000)]
  0x00007fa7780a7340 JavaThread "Finalizer" daemon [_thread_blocked, id=38, stack(0x00007fa75ce00000,0x00007fa75cf00000)]
  0x00007fa7780ada70 JavaThread "Signal Dispatcher" daemon [_thread_blocked, id=39, stack(0x00007fa75ca1a000,0x00007fa75cb1a000)]
  0x00007fa7780aee20 JavaThread "Service Thread" daemon [_thread_blocked, id=40, stack(0x00007fa75c91a000,0x00007fa75ca1a000)]
  0x00007fa7780b0210 JavaThread "Monitor Deflation Thread" daemon [_thread_blocked, id=41, stack(0x00007fa75c81a000,0x00007fa75c91a000)]
=>0x00007fa7780b1c00 JavaThread "JVMCI-native CompilerThread0" daemon [_thread_in_vm, id=42, stack(0x00007fa75c61a000,0x00007fa75c81a000)]
  0x00007fa7780b3110 JavaThread "C1 CompilerThread0" daemon [_thread_blocked, id=43, stack(0x00007fa75c41a000,0x00007fa75c61a000)]
  0x00007fa7780b4170 JavaThread "Sweeper thread" daemon [_thread_blocked, id=44, stack(0x00007fa75c31a000,0x00007fa75c41a000)]
  0x00007fa7780d6e50 JavaThread "Common-Cleaner" daemon [_thread_blocked, id=45, stack(0x00007fa75c21a000,0x00007fa75c31a000)]
  0x00007fa77811efb0 JavaThread "Notification Thread" daemon [_thread_blocked, id=53, stack(0x00007fa75c11a000,0x00007fa75c21a000)]
  0x00007fa77833b020 JavaThread "Active Thread: Equinox Container: f41ce5c4-fc8b-4170-8bcc-c568f2095d72" [_thread_blocked, id=100, stack(0x00007fa724900000,0x00007fa724a00000)]
  0x00007fa778211540 JavaThread "Framework Event Dispatcher: Equinox Container: f41ce5c4-fc8b-4170-8bcc-c568f2095d72" daemon [_thread_blocked, id=115, stack(0x00007fa724700000,0x00007fa724800000)]
  0x00007fa778216010 JavaThread "Start Level: Equinox Container: f41ce5c4-fc8b-4170-8bcc-c568f2095d72" daemon [_thread_blocked, id=116, stack(0x00007fa724500000,0x00007fa724600000)]
  0x00007fa7781d2900 JavaThread "Refresh Thread: Equinox Container: f41ce5c4-fc8b-4170-8bcc-c568f2095d72" daemon [_thread_blocked, id=132, stack(0x00007fa724300000,0x00007fa724400000)]
  0x00007fa70c017060 JavaThread "SCR Component Actor" daemon [_thread_blocked, id=140, stack(0x00007fa724100000,0x00007fa724200000)]
  0x00007fa70c2e1f70 JavaThread "Worker-JM" [_thread_blocked, id=162, stack(0x00007fa723d00000,0x00007fa723e00000)]
  0x00007fa6fc007440 JavaThread "Worker-2: Publish Diagnostics" [_thread_blocked, id=165, stack(0x00007fa723700000,0x00007fa723800000)]
  0x00007fa70c4c44a0 JavaThread "Java indexing" daemon [_thread_blocked, id=167, stack(0x00007fa723500000,0x00007fa723600000)]
  0x00007fa70c67ba40 JavaThread "Bundle File Closer" daemon [_thread_blocked, id=174, stack(0x00007fa723300000,0x00007fa723400000)]
  0x00007fa77847acd0 JavaThread "pool-3-thread-1" [_thread_blocked, id=180, stack(0x00007fa723f00000,0x00007fa724000000)]
  0x00007fa7783d41a0 JavaThread "pool-2-thread-1" [_thread_blocked, id=183, stack(0x00007fa723100000,0x00007fa723200000)]
  0x00007fa6e4000ff0 JavaThread "Worker-4: Java indexing... " [_thread_blocked, id=186, stack(0x00007fa722d00000,0x00007fa722e00000)]
  0x00007fa6fc0def60 JavaThread "Worker-5" [_thread_blocked, id=212, stack(0x00007fa722900000,0x00007fa722a00000)]
  0x00007fa6e01b2670 JavaThread "Thread-39" [_thread_blocked, id=1083, stack(0x00007fa723900000,0x00007fa723a00000)]
  0x00007fa6e01b1b50 JavaThread "Thread-42" [_thread_blocked, id=6401, stack(0x00007fa723b00000,0x00007fa723c00000)]
  0x00007fa6f432dc20 JavaThread "Worker-7" [_thread_blocked, id=6426, stack(0x00007fa722f00000,0x00007fa723000000)]

Other Threads:
  0x00007fa7780a1640 VMThread "VM Thread" [stack: 0x00007fa75d853000,0x00007fa75d953000] [id=36] _threads_hazard_ptr=0x00007fa6f4278ef0
  0x00007fa778120950 WatcherThread [stack: 0x00007fa75c01a000,0x00007fa75c11a000] [id=54]
  0x00007fa77803d860 GCTaskThread "GC Thread#0" [stack: 0x00007fa75f2b2000,0x00007fa75f3b2000] [id=35]

Threads with active compile tasks:
JVMCI-native CompilerThread0  2756659 8656       4       org.eclipse.jdt.internal.compiler.lookup.ModuleBinding::recordExportRestrictions (98 bytes)

VM state: synchronizing (normal execution)

VM Mutex/Monitor currently owned by a thread:  ([mutex/lock_event])
[0x00007fa778023110] Threads_lock - owner thread: 0x00007fa7780a1640
[0x00007fa7780238c0] Heap_lock - owner thread: 0x00007fa6e4000ff0

OutOfMemory and StackOverflow Exception counts:
OutOfMemoryError java_heap_errors=3
LinkageErrors=43

Heap address: 0x00000000e0000000, size: 512 MB, Compressed Oops mode: 32-bit

CDS archive(s) mapped at: [0x0000000800000000-0x0000000800bc8000-0x0000000800bc8000), size 12353536, SharedBaseAddress: 0x0000000800000000, ArchiveRelocationMode: 0.
Compressed class space mapped at: 0x0000000800c00000-0x0000000840c00000, reserved size: 1073741824
Narrow klass base: 0x0000000800000000, Narrow klass shift: 0, Narrow klass range: 0x100000000

GC Precious Log:
 CPUs: 8 total, 1 available
 Memory: 1024M
 Large Page Support: Disabled
 NUMA Support: Disabled
 Compressed Oops: Enabled (32-bit)
 Alignments: Space 512K, Generation 512K, Heap 2M
 Heap Min Capacity: 100M
 Heap Initial Capacity: 100M
 Heap Max Capacity: 512M
 Pre-touch: Disabled
 Parallel Workers: 1

Heap:
 PSYoungGen      total 53248K, used 31231K [0x00000000f5580000, 0x00000000fc300000, 0x0000000100000000)
  eden space 31232K, 99% used [0x00000000f5580000,0x00000000f73ffff8,0x00000000f7400000)
  from space 22016K, 0% used [0x00000000f9b00000,0x00000000f9b00000,0x00000000fb080000)
  to   space 39936K, 0% used [0x00000000f7400000,0x00000000f7400000,0x00000000f9b00000)
 ParOldGen       total 349696K, used 349696K [0x00000000e0000000, 0x00000000f5580000, 0x00000000f5580000)
  object space 349696K, 100% used [0x00000000e0000000,0x00000000f5580000,0x00000000f5580000)
 Metaspace       used 56868K, committed 57664K, reserved 1105920K
  class space    used 5647K, committed 5952K, reserved 1048576K

Card table byte_map: [0x00007fa75f3b2000,0x00007fa75f4b3000] _byte_map_base: 0x00007fa75ecb2000

Marking Bits: (ParMarkBitMap*) 0x00007fa77d6f44c0
 Begin Bits: [0x00007fa75e205000, 0x00007fa75ea05000)
 End Bits:   [0x00007fa75ea05000, 0x00007fa75f205000)

Polling page: 0x00007fa77c2be000

Metaspace:

Usage:
  Non-class:     50.02 MB used.
      Class:      5.52 MB used.
       Both:     55.54 MB used.

Virtual space:
  Non-class space:       56.00 MB reserved,      50.50 MB ( 90%) committed,  7 nodes.
      Class space:        1.00 GB reserved,       5.81 MB ( <1%) committed,  1 nodes.
             Both:        1.05 GB reserved,      56.31 MB (  5%) committed. 

Chunk freelists:
   Non-Class:  1.45 MB
       Class:  2.23 MB
        Both:  3.67 MB

MaxMetaspaceSize: unlimited
CompressedClassSpaceSize: 1.00 GB
Initial GC threshold: 21.00 MB
Current GC threshold: 93.75 MB
CDS: on
MetaspaceReclaimPolicy: balanced
 - commit_granule_bytes: 65536.
 - commit_granule_words: 8192.
 - virtual_space_node_default_size: 1048576.
 - enlarge_chunks_in_place: 1.
 - new_chunks_are_fully_committed: 0.
 - uncommit_free_chunks: 1.
 - use_allocation_guard: 0.
 - handle_deallocations: 1.


Internal statistics:

num_allocs_failed_limit: 6.
num_arena_births: 368.
num_arena_deaths: 76.
num_vsnodes_births: 8.
num_vsnodes_deaths: 0.
num_space_committed: 900.
num_space_uncommitted: 0.
num_chunks_returned_to_freelist: 104.
num_chunks_taken_from_freelist: 2546.
num_chunk_merges: 35.
num_chunk_splits: 1653.
num_chunks_enlarged: 1025.
num_purges: 8.
num_inconsistent_stats: 0.

CodeHeap 'non-profiled nmethods': size=120036Kb used=2276Kb max_used=2426Kb free=117759Kb
 bounds [0x00007fa766f7a000, 0x00007fa7671ea000, 0x00007fa76e4b3000]
CodeHeap 'profiled nmethods': size=120032Kb used=13820Kb max_used=16210Kb free=106211Kb
 bounds [0x00007fa75fa42000, 0x00007fa760a22000, 0x00007fa766f7a000]
CodeHeap 'non-nmethods': size=5692Kb used=1395Kb max_used=1400Kb free=4296Kb
 bounds [0x00007fa75f4b3000, 0x00007fa75f723000, 0x00007fa75fa42000]
 total_blobs=7126 nmethods=6395 adapters=619
 compilation: enabled
              stopped_count=0, restarted_count=0
 full_count=0

JVMCI Events (20 events):
Event: 2548.998 Thread 0x00007fa7780b1c00 destroyed JavaVM[11]@0x00007fa72239e340 for JVMCI runtime 0
Event: 2548.998 Thread 0x00007fa7780b1c00 compacted oop handles in JVMCI runtime 0 from 61 to 61
Event: 2548.998 Thread 0x00007fa7780b1c00 releasing handles for JVMCI runtime 0: oop handles=61, metadata handles={total=118, live=104, blocks=34}
Event: 2548.998 Thread 0x00007fa7780b1c00 detached from JVMCI runtime 0
Event: 2573.785 Thread 0x00007fa7780b1c00 attached to JVMCI runtime 0
Event: 2573.788 Thread 0x00007fa7780b1c00 created JavaVM[12]@0x00007fa72239e340 for JVMCI runtime 0
Event: 2575.669 Thread 0x00007fa7780b1c00 initializing JVMCI runtime 0
Event: 2575.670 Thread 0x00007fa7780b1c00 done waiting for JavaVM references initialization in JVMCI runtime 0
Event: 2575.670 Thread 0x00007fa7780b1c00 initialized JVMCI runtime 0
Event: 2595.872 Thread 0x00007fa7780b1c00 detaching from JVMCI runtime 0: releasing idle compiler thread (0 other threads still attached)
Event: 2595.872 Thread 0x00007fa7780b1c00 shutting down HotSpotJVMCIRuntime for JVMCI runtime 0
Event: 2599.864 Thread 0x00007fa7780b1c00 shut down JVMCI runtime 0
Event: 2599.865 Thread 0x00007fa7780b1c00 destroyed JavaVM[12]@0x00007fa72239e340 for JVMCI runtime 0
Event: 2599.865 Thread 0x00007fa7780b1c00 compacted oop handles in JVMCI runtime 0 from 46 to 46
Event: 2599.865 Thread 0x00007fa7780b1c00 releasing handles for JVMCI runtime 0: oop handles=46, metadata handles={total=96, live=82, blocks=34}
Event: 2599.865 Thread 0x00007fa7780b1c00 detached from JVMCI runtime 0
Event: 2670.408 Thread 0x00007fa7780b1c00 attached to JVMCI runtime 0
Event: 2670.412 Thread 0x00007fa7780b1c00 created JavaVM[13]@0x00007fa72239e340 for JVMCI runtime 0
Event: 2672.555 Thread 0x00007fa7780b1c00 initializing JVMCI runtime 0
Event: 2672.555 Thread 0x00007fa7780b1c00 done waiting for JavaVM references initialization in JVMCI runtime 0

Compilation events (20 events):
Event: 2505.481 Thread 0x00007fa7780b1c00 nmethod 8638 0x00007fa767137490 code [0x00007fa767137620, 0x00007fa767137930]
Event: 2505.481 Thread 0x00007fa7780b1c00 8649       4       java.io.StringWriter::write (11 bytes)
Event: 2517.381 Thread 0x00007fa7780b3110 8652       3       java.util.HashMap::values (25 bytes)
Event: 2517.382 Thread 0x00007fa7780b1c00 nmethod 8649 0x00007fa767137190 code [0x00007fa767137320, 0x00007fa7671373b0]
Event: 2517.382 Thread 0x00007fa7780b1c00 8653       4       org.eclipse.jdt.internal.core.JavaElement::getJavaProject (5 bytes)
Event: 2517.382 Thread 0x00007fa7780b3110 nmethod 8652 0x00007fa75fc8f510 code [0x00007fa75fc8f6c0, 0x00007fa75fc8f9b0]
Event: 2525.063 Thread 0x00007fa7780b1c00 nmethod 8653 0x00007fa767136e10 code [0x00007fa767137000, 0x00007fa7671370c0]
Event: 2525.063 Thread 0x00007fa7780b1c00 8650       4       org.eclipse.core.runtime.Assert::isNotNull (29 bytes)
Event: 2534.578 Thread 0x00007fa7780b1c00 nmethod 8650 0x00007fa767136b10 code [0x00007fa767136c80, 0x00007fa767136cd0]
Event: 2534.578 Thread 0x00007fa7780b1c00 8641       4       java.io.DataOutputStream::writeUTF (7 bytes)
Event: 2547.256 Thread 0x00007fa7780b1c00 nmethod 8641 0x00007fa767136810 code [0x00007fa7671369a0, 0x00007fa767136a10]
Event: 2573.785 Thread 0x00007fa7780b1c00 8654       4       org.eclipse.jdt.internal.core.OverflowingLRUCache::updateTimestamp (43 bytes)
Event: 2575.670 Thread 0x00007fa7780b3110 8655  s    3       java.io.ByteArrayOutputStream::toByteArray (12 bytes)
Event: 2577.554 Thread 0x00007fa7780b3110 nmethod 8655 0x00007fa75fd7f590 code [0x00007fa75fd7f740, 0x00007fa75fd7f920]
Event: 2594.080 Thread 0x00007fa7780b1c00 nmethod 8654 0x00007fa767136410 code [0x00007fa767136580, 0x00007fa7671366f8]
Event: 2670.408 Thread 0x00007fa7780b1c00 8656       4       org.eclipse.jdt.internal.compiler.lookup.ModuleBinding::recordExportRestrictions (98 bytes)
Event: 2672.555 Thread 0x00007fa7780b3110 8657       3       java.util.concurrent.locks.LockSupport::parkNanos (29 bytes)
Event: 2674.553 Thread 0x00007fa7780b3110 nmethod 8657 0x00007fa75fb37210 code [0x00007fa75fb373e0, 0x00007fa75fb375e0]
Event: 2683.188 Thread 0x00007fa7780b3110 8658       3       java.util.concurrent.locks.AbstractQueuedSynchronizer$Node::clearStatus (12 bytes)
Event: 2683.188 Thread 0x00007fa7780b3110 nmethod 8658 0x00007fa75fce0610 code [0x00007fa75fce07c0, 0x00007fa75fce0920]

GC Heap History (20 events):
Event: 2735.993 GC heap before
{Heap before GC invocations=1367 (full 1267):
 PSYoungGen      total 53248K, used 31231K [0x00000000f5580000, 0x00000000fc300000, 0x0000000100000000)
  eden space 31232K, 99% used [0x00000000f5580000,0x00000000f73ffff8,0x00000000f7400000)
  from space 22016K, 0% used [0x00000000f9b00000,0x00000000f9b00000,0x00000000fb080000)
  to   space 39936K, 0% used [0x00000000f7400000,0x00000000f7400000,0x00000000f9b00000)
 ParOldGen       total 349696K, used 349695K [0x00000000e0000000, 0x00000000f5580000, 0x00000000f5580000)
  object space 349696K, 99% used [0x00000000e0000000,0x00000000f557fd48,0x00000000f5580000)
 Metaspace       used 56868K, committed 57664K, reserved 1105920K
  class space    used 5647K, committed 5952K, reserved 1048576K
}
Event: 2737.988 GC heap after
{Heap after GC invocations=1367 (full 1267):
 PSYoungGen      total 71168K, used 31231K [0x00000000f5580000, 0x00000000fc300000, 0x0000000100000000)
  eden space 31232K, 99% used [0x00000000f5580000,0x00000000f73fffe0,0x00000000f7400000)
  from space 39936K, 0% used [0x00000000f7400000,0x00000000f7400000,0x00000000f9b00000)
  to   space 22016K, 0% used [0x00000000f9b00000,0x00000000f9b00000,0x00000000fb080000)
 ParOldGen       total 349696K, used 349694K [0x00000000e0000000, 0x00000000f5580000, 0x00000000f5580000)
  object space 349696K, 99% used [0x00000000e0000000,0x00000000f557fbf0,0x00000000f5580000)
 Metaspace       used 56868K, committed 57664K, reserved 1105920K
  class space    used 5647K, committed 5952K, reserved 1048576K
}
Event: 2737.989 GC heap before
{Heap before GC invocations=1368 (full 1268):
 PSYoungGen      total 71168K, used 31232K [0x00000000f5580000, 0x00000000fc300000, 0x0000000100000000)
  eden space 31232K, 100% used [0x00000000f5580000,0x00000000f7400000,0x00000000f7400000)
  from space 39936K, 0% used [0x00000000f7400000,0x00000000f7400000,0x00000000f9b00000)
  to   space 22016K, 0% used [0x00000000f9b00000,0x00000000f9b00000,0x00000000fb080000)
 ParOldGen       total 349696K, used 349694K [0x00000000e0000000, 0x00000000f5580000, 0x00000000f5580000)
  object space 349696K, 99% used [0x00000000e0000000,0x00000000f557fbf0,0x00000000f5580000)
 Metaspace       used 56868K, committed 57664K, reserved 1105920K
  class space    used 5647K, committed 5952K, reserved 1048576K
}
Event: 2740.059 GC heap after
{Heap after GC invocations=1368 (full 1268):
 PSYoungGen      total 53248K, used 31232K [0x00000000f5580000, 0x00000000fc300000, 0x0000000100000000)
  eden space 31232K, 100% used [0x00000000f5580000,0x00000000f7400000,0x00000000f7400000)
  from space 22016K, 0% used [0x00000000f9b00000,0x00000000f9b00000,0x00000000fb080000)
  to   space 39936K, 0% used [0x00000000f7400000,0x00000000f7400000,0x00000000f9b00000)
 ParOldGen       total 349696K, used 349694K [0x00000000e0000000, 0x00000000f5580000, 0x00000000f5580000)
  object space 349696K, 99% used [0x00000000e0000000,0x00000000f557fbf0,0x00000000f5580000)
 Metaspace       used 56868K, committed 57664K, reserved 1105920K
  class space    used 5647K, committed 5952K, reserved 1048576K
}
Event: 2740.060 GC heap before
{Heap before GC invocations=1369 (full 1269):
 PSYoungGen      total 53248K, used 31232K [0x00000000f5580000, 0x00000000fc300000, 0x0000000100000000)
  eden space 31232K, 100% used [0x00000000f5580000,0x00000000f7400000,0x00000000f7400000)
  from space 22016K, 0% used [0x00000000f9b00000,0x00000000f9b00000,0x00000000fb080000)
  to   space 39936K, 0% used [0x00000000f7400000,0x00000000f7400000,0x00000000f9b00000)
 ParOldGen       total 349696K, used 349695K [0x00000000e0000000, 0x00000000f5580000, 0x00000000f5580000)
  object space 349696K, 99% used [0x00000000e0000000,0x00000000f557fff8,0x00000000f5580000)
 Metaspace       used 56868K, committed 57664K, reserved 1105920K
  class space    used 5647K, committed 5952K, reserved 1048576K
}
Event: 2742.174 GC heap after
{Heap after GC invocations=1369 (full 1269):
 PSYoungGen      total 71168K, used 31231K [0x00000000f5580000, 0x00000000fc300000, 0x0000000100000000)
  eden space 31232K, 99% used [0x00000000f5580000,0x00000000f73fffe0,0x00000000f7400000)
  from space 39936K, 0% used [0x00000000f7400000,0x00000000f7400000,0x00000000f9b00000)
  to   space 22016K, 0% used [0x00000000f9b00000,0x00000000f9b00000,0x00000000fb080000)
 ParOldGen       total 349696K, used 349694K [0x00000000e0000000, 0x00000000f5580000, 0x00000000f5580000)
  object space 349696K, 99% used [0x00000000e0000000,0x00000000f557fb28,0x00000000f5580000)
 Metaspace       used 56868K, committed 57664K, reserved 1105920K
  class space    used 5647K, committed 5952K, reserved 1048576K
}
Event: 2742.174 GC heap before
{Heap before GC invocations=1370 (full 1270):
 PSYoungGen      total 71168K, used 31232K [0x00000000f5580000, 0x00000000fc300000, 0x0000000100000000)
  eden space 31232K, 100% used [0x00000000f5580000,0x00000000f7400000,0x00000000f7400000)
  from space 39936K, 0% used [0x00000000f7400000,0x00000000f7400000,0x00000000f9b00000)
  to   space 22016K, 0% used [0x00000000f9b00000,0x00000000f9b00000,0x00000000fb080000)
 ParOldGen       total 349696K, used 349696K [0x00000000e0000000, 0x00000000f5580000, 0x00000000f5580000)
  object space 349696K, 100% used [0x00000000e0000000,0x00000000f5580000,0x00000000f5580000)
 Metaspace       used 56868K, committed 57664K, reserved 1105920K
  class space    used 5647K, committed 5952K, reserved 1048576K
}
Event: 2744.265 GC heap after
{Heap after GC invocations=1370 (full 1270):
 PSYoungGen      total 53248K, used 31232K [0x00000000f5580000, 0x00000000fc300000, 0x0000000100000000)
  eden space 31232K, 100% used [0x00000000f5580000,0x00000000f7400000,0x00000000f7400000)
  from space 22016K, 0% used [0x00000000f9b00000,0x00000000f9b00000,0x00000000fb080000)
  to   space 39936K, 0% used [0x00000000f7400000,0x00000000f7400000,0x00000000f9b00000)
 ParOldGen       total 349696K, used 349695K [0x00000000e0000000, 0x00000000f5580000, 0x00000000f5580000)
  object space 349696K, 99% used [0x00000000e0000000,0x00000000f557ff40,0x00000000f5580000)
 Metaspace       used 56868K, committed 57664K, reserved 1105920K
  class space    used 5647K, committed 5952K, reserved 1048576K
}
Event: 2744.265 GC heap before
{Heap before GC invocations=1371 (full 1271):
 PSYoungGen      total 53248K, used 31232K [0x00000000f5580000, 0x00000000fc300000, 0x0000000100000000)
  eden space 31232K, 100% used [0x00000000f5580000,0x00000000f7400000,0x00000000f7400000)
  from space 22016K, 0% used [0x00000000f9b00000,0x00000000f9b00000,0x00000000fb080000)
  to   space 39936K, 0% used [0x00000000f7400000,0x00000000f7400000,0x00000000f9b00000)
 ParOldGen       total 349696K, used 349696K [0x00000000e0000000, 0x00000000f5580000, 0x00000000f5580000)
  object space 349696K, 100% used [0x00000000e0000000,0x00000000f5580000,0x00000000f5580000)
 Metaspace       used 56868K, committed 57664K, reserved 1105920K
  class space    used 5647K, committed 5952K, reserved 1048576K
}
Event: 2746.388 GC heap after
{Heap after GC invocations=1371 (full 1271):
 PSYoungGen      total 71168K, used 31232K [0x00000000f5580000, 0x00000000fc300000, 0x0000000100000000)
  eden space 31232K, 100% used [0x00000000f5580000,0x00000000f7400000,0x00000000f7400000)
  from space 39936K, 0% used [0x00000000f7400000,0x00000000f7400000,0x00000000f9b00000)
  to   space 22016K, 0% used [0x00000000f9b00000,0x00000000f9b00000,0x00000000fb080000)
 ParOldGen       total 349696K, used 349695K [0x00000000e0000000, 0x00000000f5580000, 0x00000000f5580000)
  object space 349696K, 99% used [0x00000000e0000000,0x00000000f557ffc0,0x00000000f5580000)
 Metaspace       used 56868K, committed 57664K, reserved 1105920K
  class space    used 5647K, committed 5952K, reserved 1048576K
}
Event: 2746.389 GC heap before
{Heap before GC invocations=1372 (full 1272):
 PSYoungGen      total 71168K, used 31232K [0x00000000f5580000, 0x00000000fc300000, 0x0000000100000000)
  eden space 31232K, 100% used [0x00000000f5580000,0x00000000f7400000,0x00000000f7400000)
  from space 39936K, 0% used [0x00000000f7400000,0x00000000f7400000,0x00000000f9b00000)
  to   space 22016K, 0% used [0x00000000f9b00000,0x00000000f9b00000,0x00000000fb080000)
 ParOldGen       total 349696K, used 349695K [0x00000000e0000000, 0x00000000f5580000, 0x00000000f5580000)
  object space 349696K, 99% used [0x00000000e0000000,0x00000000f557ffd0,0x00000000f5580000)
 Metaspace       used 56868K, committed 57664K, reserved 1105920K
  class space    used 5647K, committed 5952K, reserved 1048576K
}
Event: 2748.274 GC heap after
{Heap after GC invocations=1372 (full 1272):
 PSYoungGen      total 53248K, used 31232K [0x00000000f5580000, 0x00000000fc300000, 0x0000000100000000)
  eden space 31232K, 100% used [0x00000000f5580000,0x00000000f7400000,0x00000000f7400000)
  from space 22016K, 0% used [0x00000000f9b00000,0x00000000f9b00000,0x00000000fb080000)
  to   space 39936K, 0% used [0x00000000f7400000,0x00000000f7400000,0x00000000f9b00000)
 ParOldGen       total 349696K, used 349695K [0x00000000e0000000, 0x00000000f5580000, 0x00000000f5580000)
  object space 349696K, 99% used [0x00000000e0000000,0x00000000f557ffb0,0x00000000f5580000)
 Metaspace       used 56868K, committed 57664K, reserved 1105920K
  class space    used 5647K, committed 5952K, reserved 1048576K
}
Event: 2748.276 GC heap before
{Heap before GC invocations=1373 (full 1273):
 PSYoungGen      total 53248K, used 31232K [0x00000000f5580000, 0x00000000fc300000, 0x0000000100000000)
  eden space 31232K, 100% used [0x00000000f5580000,0x00000000f7400000,0x00000000f7400000)
  from space 22016K, 0% used [0x00000000f9b00000,0x00000000f9b00000,0x00000000fb080000)
  to   space 39936K, 0% used [0x00000000f7400000,0x00000000f7400000,0x00000000f9b00000)
 ParOldGen       total 349696K, used 349695K [0x00000000e0000000, 0x00000000f5580000, 0x00000000f5580000)
  object space 349696K, 99% used [0x00000000e0000000,0x00000000f557ffe8,0x00000000f5580000)
 Metaspace       used 56868K, committed 57664K, reserved 1105920K
  class space    used 5647K, committed 5952K, reserved 1048576K
}
Event: 2750.380 GC heap after
{Heap after GC invocations=1373 (full 1273):
 PSYoungGen      total 71168K, used 31232K [0x00000000f5580000, 0x00000000fc300000, 0x0000000100000000)
  eden space 31232K, 100% used [0x00000000f5580000,0x00000000f7400000,0x00000000f7400000)
  from space 39936K, 0% used [0x00000000f7400000,0x00000000f7400000,0x00000000f9b00000)
  to   space 22016K, 0% used [0x00000000f9b00000,0x00000000f9b00000,0x00000000fb080000)
 ParOldGen       total 349696K, used 349695K [0x00000000e0000000, 0x00000000f5580000, 0x00000000f5580000)
  object space 349696K, 99% used [0x00000000e0000000,0x00000000f557ffe8,0x00000000f5580000)
 Metaspace       used 56868K, committed 57664K, reserved 1105920K
  class space    used 5647K, committed 5952K, reserved 1048576K
}
Event: 2750.380 GC heap before
{Heap before GC invocations=1374 (full 1274):
 PSYoungGen      total 71168K, used 31232K [0x00000000f5580000, 0x00000000fc300000, 0x0000000100000000)
  eden space 31232K, 100% used [0x00000000f5580000,0x00000000f7400000,0x00000000f7400000)
  from space 39936K, 0% used [0x00000000f7400000,0x00000000f7400000,0x00000000f9b00000)
  to   space 22016K, 0% used [0x00000000f9b00000,0x00000000f9b00000,0x00000000fb080000)
 ParOldGen       total 349696K, used 349695K [0x00000000e0000000, 0x00000000f5580000, 0x00000000f5580000)
  object space 349696K, 99% used [0x00000000e0000000,0x00000000f557ffe8,0x00000000f5580000)
 Metaspace       used 56868K, committed 57664K, reserved 1105920K
  class space    used 5647K, committed 5952K, reserved 1048576K
}
Event: 2752.283 GC heap after
{Heap after GC invocations=1374 (full 1274):
 PSYoungGen      total 53248K, used 31232K [0x00000000f5580000, 0x00000000fc300000, 0x0000000100000000)
  eden space 31232K, 100% used [0x00000000f5580000,0x00000000f7400000,0x00000000f7400000)
  from space 22016K, 0% used [0x00000000f9b00000,0x00000000f9b00000,0x00000000fb080000)
  to   space 39936K, 0% used [0x00000000f7400000,0x00000000f7400000,0x00000000f9b00000)
 ParOldGen       total 349696K, used 349695K [0x00000000e0000000, 0x00000000f5580000, 0x00000000f5580000)
  object space 349696K, 99% used [0x00000000e0000000,0x00000000f557ffe8,0x00000000f5580000)
 Metaspace       used 56868K, committed 57664K, reserved 1105920K
  class space    used 5647K, committed 5952K, reserved 1048576K
}
Event: 2752.284 GC heap before
{Heap before GC invocations=1375 (full 1275):
 PSYoungGen      total 53248K, used 31232K [0x00000000f5580000, 0x00000000fc300000, 0x0000000100000000)
  eden space 31232K, 100% used [0x00000000f5580000,0x00000000f7400000,0x00000000f7400000)
  from space 22016K, 0% used [0x00000000f9b00000,0x00000000f9b00000,0x00000000fb080000)
  to   space 39936K, 0% used [0x00000000f7400000,0x00000000f7400000,0x00000000f9b00000)
 ParOldGen       total 349696K, used 349695K [0x00000000e0000000, 0x00000000f5580000, 0x00000000f5580000)
  object space 349696K, 99% used [0x00000000e0000000,0x00000000f557ffe8,0x00000000f5580000)
 Metaspace       used 56868K, committed 57664K, reserved 1105920K
  class space    used 5647K, committed 5952K, reserved 1048576K
}
Event: 2754.496 GC heap after
{Heap after GC invocations=1375 (full 1275):
 PSYoungGen      total 71168K, used 31231K [0x00000000f5580000, 0x00000000fc300000, 0x0000000100000000)
  eden space 31232K, 99% used [0x00000000f5580000,0x00000000f73fffe0,0x00000000f7400000)
  from space 39936K, 0% used [0x00000000f7400000,0x00000000f7400000,0x00000000f9b00000)
  to   space 22016K, 0% used [0x00000000f9b00000,0x00000000f9b00000,0x00000000fb080000)
 ParOldGen       total 349696K, used 349695K [0x00000000e0000000, 0x00000000f5580000, 0x00000000f5580000)
  object space 349696K, 99% used [0x00000000e0000000,0x00000000f557fd18,0x00000000f5580000)
 Metaspace       used 56868K, committed 57664K, reserved 1105920K
  class space    used 5647K, committed 5952K, reserved 1048576K
}
Event: 2754.496 GC heap before
{Heap before GC invocations=1376 (full 1276):
 PSYoungGen      total 71168K, used 31231K [0x00000000f5580000, 0x00000000fc300000, 0x0000000100000000)
  eden space 31232K, 99% used [0x00000000f5580000,0x00000000f73fffe0,0x00000000f7400000)
  from space 39936K, 0% used [0x00000000f7400000,0x00000000f7400000,0x00000000f9b00000)
  to   space 22016K, 0% used [0x00000000f9b00000,0x00000000f9b00000,0x00000000fb080000)
 ParOldGen       total 349696K, used 349695K [0x00000000e0000000, 0x00000000f5580000, 0x00000000f5580000)
  object space 349696K, 99% used [0x00000000e0000000,0x00000000f557fd18,0x00000000f5580000)
 Metaspace       used 56868K, committed 57664K, reserved 1105920K
  class space    used 5647K, committed 5952K, reserved 1048576K
}
Event: 2756.560 GC heap after
{Heap after GC invocations=1376 (full 1276):
 PSYoungGen      total 53248K, used 31231K [0x00000000f5580000, 0x00000000fc300000, 0x0000000100000000)
  eden space 31232K, 99% used [0x00000000f5580000,0x00000000f73fffe0,0x00000000f7400000)
  from space 22016K, 0% used [0x00000000f9b00000,0x00000000f9b00000,0x00000000fb080000)
  to   space 39936K, 0% used [0x00000000f7400000,0x00000000f7400000,0x00000000f9b00000)
 ParOldGen       total 349696K, used 349695K [0x00000000e0000000, 0x00000000f5580000, 0x00000000f5580000)
  object space 349696K, 99% used [0x00000000e0000000,0x00000000f557fd18,0x00000000f5580000)
 Metaspace       used 56868K, committed 57664K, reserved 1105920K
  class space    used 5647K, committed 5952K, reserved 1048576K
}

Dll operation events (9 events):
Event: 0.004 Loaded shared library /nix/store/gpxl5qgg8kicmcvivwmybwjlpf7wh20l-graalvm17-ce-22.3.0/lib/libjava.so
Event: 0.014 Loaded shared library /nix/store/gpxl5qgg8kicmcvivwmybwjlpf7wh20l-graalvm17-ce-22.3.0/lib/libjsvml.so
Event: 0.465 Loaded shared library /nix/store/gpxl5qgg8kicmcvivwmybwjlpf7wh20l-graalvm17-ce-22.3.0/lib/libnio.so
Event: 0.471 Loaded shared library /nix/store/gpxl5qgg8kicmcvivwmybwjlpf7wh20l-graalvm17-ce-22.3.0/lib/libzip.so
Event: 0.477 Loaded shared library /nix/store/gpxl5qgg8kicmcvivwmybwjlpf7wh20l-graalvm17-ce-22.3.0/lib/libjvmcicompiler.so
Event: 1.166 Loaded shared library /nix/store/gpxl5qgg8kicmcvivwmybwjlpf7wh20l-graalvm17-ce-22.3.0/lib/libjimage.so
Event: 1.864 Loaded shared library /nix/store/gpxl5qgg8kicmcvivwmybwjlpf7wh20l-graalvm17-ce-22.3.0/lib/libnet.so
Event: 7.654 Loaded shared library /home/runner/DSA/.cache/jdt-language-server/config/org.eclipse.equinox.launcher/org.eclipse.equinox.launcher.gtk.linux.x86_64_1.2.400.v20211117-0650/eclipse_11600.so
Event: 20.785 Loaded shared library /nix/store/gpxl5qgg8kicmcvivwmybwjlpf7wh20l-graalvm17-ce-22.3.0/lib/libextnet.so

Deoptimization events (20 events):
Event: 92.072 Thread 0x00007fa70c4c44a0 DEOPT PACKING pc=0x00007fa7605eb45d sp=0x00007fa7235fe530
Event: 92.072 Thread 0x00007fa70c4c44a0 DEOPT UNPACKING pc=0x00007fa75f505325 sp=0x00007fa7235fda20 mode 0
Event: 92.154 Thread 0x00007fa70c4c44a0 DEOPT PACKING pc=0x00007fa7605eb45d sp=0x00007fa7235fe530
Event: 92.154 Thread 0x00007fa70c4c44a0 DEOPT UNPACKING pc=0x00007fa75f505325 sp=0x00007fa7235fda20 mode 0
Event: 167.984 Thread 0x00007fa7783d41a0 Uncommon trap: trap_request=0xffffffed fr.pc=0x00007fa7671b8fab relative=0x000000000000018b
Event: 167.984 Thread 0x00007fa7783d41a0 Uncommon trap: reason=null_assert_or_unreached0 action=reinterpret pc=0x00007fa7671b8fab method=com.google.gson.stream.JsonReader.peek()Lcom/google/gson/stream/JsonToken; @ 14 jvmci
Event: 167.984 Thread 0x00007fa7783d41a0 DEOPT PACKING pc=0x00007fa7671b8fab sp=0x00007fa7231fdeb0
Event: 167.984 Thread 0x00007fa7783d41a0 DEOPT UNPACKING pc=0x00007fa75f505325 sp=0x00007fa7231fd348 mode 3
Event: 1598.996 Thread 0x00007fa6fc0def60 Uncommon trap: trap_request=0xffffffcd fr.pc=0x00007fa7671644d9 relative=0x0000000000000ff9
Event: 1598.996 Thread 0x00007fa6fc0def60 Uncommon trap: reason=intrinsic_or_type_checked_inlining action=reinterpret pc=0x00007fa7671644d9 method=java.io.DataOutputStream.write([BII)V @ 0 jvmci
Event: 1598.996 Thread 0x00007fa6fc0def60 DEOPT PACKING pc=0x00007fa7671644d9 sp=0x00007fa7229fe3d0
Event: 1598.996 Thread 0x00007fa6fc0def60 DEOPT UNPACKING pc=0x00007fa75f505325 sp=0x00007fa7229fd810 mode 3
Event: 2433.595 Thread 0x00007fa6fc007440 Uncommon trap: trap_request=0xffffffcd fr.pc=0x00007fa7671bb066 relative=0x00000000000000a6
Event: 2433.595 Thread 0x00007fa6fc007440 Uncommon trap: reason=intrinsic_or_type_checked_inlining action=reinterpret pc=0x00007fa7671bb066 method=org.eclipse.jdt.internal.core.JavaElement.getJavaProject()Lorg/eclipse/jdt/core/IJavaProject; @ 0 jvmci
Event: 2433.595 Thread 0x00007fa6fc007440 DEOPT PACKING pc=0x00007fa7671bb066 sp=0x00007fa7237fe290
Event: 2433.595 Thread 0x00007fa6fc007440 DEOPT UNPACKING pc=0x00007fa75f505325 sp=0x00007fa7237fd738 mode 3
Event: 2732.172 Thread 0x00007fa70c4c44a0 Uncommon trap: trap_request=0xffffff8f fr.pc=0x00007fa7670ffe94 relative=0x0000000000000274
Event: 2732.174 Thread 0x00007fa70c4c44a0 Uncommon trap: reason=constraint action=none pc=0x00007fa7670ffe94 method=org.eclipse.jdt.internal.core.index.DiskIndex$IntList.add(I)V @ 0 jvmci
Event: 2732.174 Thread 0x00007fa70c4c44a0 DEOPT PACKING pc=0x00007fa7670ffe94 sp=0x00007fa7235fe520
Event: 2732.174 Thread 0x00007fa70c4c44a0 DEOPT UNPACKING pc=0x00007fa75f505325 sp=0x00007fa7235fd9c0 mode 3

Classes unloaded (20 events):
Event: 100.357 Thread 0x00007fa7780a1640 Unloading class 0x0000000800d98400 'java/lang/invoke/LambdaForm$MH+0x0000000800d98400'
Event: 100.357 Thread 0x00007fa7780a1640 Unloading class 0x0000000800d98000 'jdk/internal/reflect/GeneratedConstructorAccessor3'
Event: 100.357 Thread 0x00007fa7780a1640 Unloading class 0x0000000800d06800 'java/lang/invoke/LambdaForm$MH+0x0000000800d06800'
Event: 100.357 Thread 0x00007fa7780a1640 Unloading class 0x0000000800d06000 'java/lang/invoke/LambdaForm$MH+0x0000000800d06000'
Event: 100.357 Thread 0x00007fa7780a1640 Unloading class 0x0000000800d05c00 'java/lang/invoke/LambdaForm$MH+0x0000000800d05c00'
Event: 100.357 Thread 0x00007fa7780a1640 Unloading class 0x0000000800d05800 'java/lang/invoke/LambdaForm$MH+0x0000000800d05800'
Event: 100.357 Thread 0x00007fa7780a1640 Unloading class 0x0000000800d05000 'java/lang/invoke/LambdaForm$MH+0x0000000800d05000'
Event: 100.357 Thread 0x00007fa7780a1640 Unloading class 0x0000000800d04c00 'java/lang/invoke/LambdaForm$MH+0x0000000800d04c00'
Event: 100.357 Thread 0x00007fa7780a1640 Unloading class 0x0000000800d04800 'java/lang/invoke/LambdaForm$MH+0x0000000800d04800'
Event: 100.357 Thread 0x00007fa7780a1640 Unloading class 0x0000000800d04000 'java/lang/invoke/LambdaForm$MH+0x0000000800d04000'
Event: 100.357 Thread 0x00007fa7780a1640 Unloading class 0x0000000800c1d000 'jdk/internal/reflect/GeneratedMethodAccessor5'
Event: 100.357 Thread 0x00007fa7780a1640 Unloading class 0x0000000800c1cc00 'jdk/internal/reflect/GeneratedMethodAccessor4'
Event: 100.357 Thread 0x00007fa7780a1640 Unloading class 0x0000000800c1c800 'jdk/internal/reflect/GeneratedMethodAccessor3'
Event: 100.357 Thread 0x00007fa7780a1640 Unloading class 0x0000000800c1c400 'jdk/internal/reflect/GeneratedMethodAccessor2'
Event: 100.357 Thread 0x00007fa7780a1640 Unloading class 0x0000000800c1c000 'jdk/internal/reflect/GeneratedMethodAccessor1'
Event: 100.357 Thread 0x00007fa7780a1640 Unloading class 0x0000000800c01c00 'java/lang/invoke/LambdaForm$DMH+0x0000000800c01c00'
Event: 1355.457 Thread 0x00007fa7780a1640 Unloading class 0x0000000800f01000 'jdk/internal/reflect/GeneratedSerializationConstructorAccessor7'
Event: 1383.879 Thread 0x00007fa7780a1640 Unloading class 0x000000080104a400 'jdk/internal/reflect/GeneratedSerializationConstructorAccessor6'
Event: 1383.879 Thread 0x00007fa7780a1640 Unloading class 0x0000000801055000 'jdk/internal/reflect/GeneratedSerializationConstructorAccessor5'
Event: 1524.199 Thread 0x00007fa7780a1640 Unloading class 0x0000000800f00800 'jdk/internal/reflect/GeneratedSerializationConstructorAccessor8'

Classes redefined (0 events):
No events

Internal exceptions (20 events):
Event: 65.962 Thread 0x00007fa6e0092510 Exception <a 'java/lang/ArrayIndexOutOfBoundsException'{0x00000000f6197e00}: Index 37 out of bounds for length 37> (0x00000000f6197e00) 
thrown [src/hotspot/share/interpreter/interpreterRuntime.cpp, line 428]
Event: 66.068 Thread 0x00007fa6e0092510 Exception <a 'java/lang/ArrayIndexOutOfBoundsException'{0x00000000f64d4a78}: Index 37 out of bounds for length 37> (0x00000000f64d4a78) 
thrown [src/hotspot/share/interpreter/interpreterRuntime.cpp, line 428]
Event: 66.366 Thread 0x00007fa6e01b1b50 Exception <a 'java/lang/ArrayIndexOutOfBoundsException'{0x00000000f6e1e108}: Index 101 out of bounds for length 101> (0x00000000f6e1e108) 
thrown [src/hotspot/share/interpreter/interpreterRuntime.cpp, line 428]
Event: 66.861 Thread 0x00007fa6e0092510 Exception <a 'java/lang/ArrayIndexOutOfBoundsException'{0x00000000f5776600}: Index 104 out of bounds for length 104> (0x00000000f5776600) 
thrown [src/hotspot/share/interpreter/interpreterRuntime.cpp, line 428]
Event: 67.262 Thread 0x00007fa6e0092510 Exception <a 'java/lang/ArrayIndexOutOfBoundsException'{0x00000000f68b6b88}: Index 107 out of bounds for length 107> (0x00000000f68b6b88) 
thrown [src/hotspot/share/interpreter/interpreterRuntime.cpp, line 428]
Event: 70.377 Thread 0x00007fa6e0092510 Exception <a 'java/lang/ArrayIndexOutOfBoundsException'{0x00000000f5d22fb0}: Index 114 out of bounds for length 114> (0x00000000f5d22fb0) 
thrown [src/hotspot/share/interpreter/interpreterRuntime.cpp, line 428]
Event: 70.456 Thread 0x00007fa6e0092510 Exception <a 'java/lang/ArrayIndexOutOfBoundsException'{0x00000000f5d8ec88}: Index 114 out of bounds for length 114> (0x00000000f5d8ec88) 
thrown [src/hotspot/share/interpreter/interpreterRuntime.cpp, line 428]
Event: 70.761 Thread 0x00007fa6e0092510 Exception <a 'java/lang/ArrayIndexOutOfBoundsException'{0x00000000f692dac8}: Index 116 out of bounds for length 116> (0x00000000f692dac8) 
thrown [src/hotspot/share/interpreter/interpreterRuntime.cpp, line 428]
Event: 70.766 Thread 0x00007fa6e0092510 Exception <a 'java/lang/ArrayIndexOutOfBoundsException'{0x00000000f6a41130}: Index 116 out of bounds for length 116> (0x00000000f6a41130) 
thrown [src/hotspot/share/interpreter/interpreterRuntime.cpp, line 428]
Event: 70.767 Thread 0x00007fa6e0092510 Exception <a 'java/lang/ArrayIndexOutOfBoundsException'{0x00000000f6ba4530}: Index 116 out of bounds for length 116> (0x00000000f6ba4530) 
thrown [src/hotspot/share/interpreter/interpreterRuntime.cpp, line 428]
Event: 70.767 Thread 0x00007fa6e0092510 Exception <a 'java/lang/ArrayIndexOutOfBoundsException'{0x00000000f6ba48e0}: Index 117 out of bounds for length 116> (0x00000000f6ba48e0) 
thrown [src/hotspot/share/interpreter/interpreterRuntime.cpp, line 428]
Event: 71.362 Thread 0x00007fa6e0092510 Exception <a 'java/lang/ArrayIndexOutOfBoundsException'{0x00000000f5960b18}> (0x00000000f5960b18) 
thrown [src/hotspot/share/runtime/sharedRuntime.cpp, line 628]
Event: 71.370 Thread 0x00007fa6e0092510 Exception <a 'java/lang/ArrayIndexOutOfBoundsException'{0x00000000f5a73798}> (0x00000000f5a73798) 
thrown [src/hotspot/share/runtime/sharedRuntime.cpp, line 628]
Event: 71.370 Thread 0x00007fa6e0092510 Exception <a 'java/lang/ArrayIndexOutOfBoundsException'{0x00000000f5a74c00}> (0x00000000f5a74c00) 
thrown [src/hotspot/share/runtime/sharedRuntime.cpp, line 628]
Event: 71.370 Thread 0x00007fa6e0092510 Exception <a 'java/lang/ArrayIndexOutOfBoundsException'{0x00000000f5a74fb0}> (0x00000000f5a74fb0) 
thrown [src/hotspot/share/runtime/sharedRuntime.cpp, line 628]
Event: 72.165 Thread 0x00007fa6e0092510 Exception <a 'java/lang/ArrayIndexOutOfBoundsException'{0x00000000f780bfd0}: Index 2 out of bounds for length 2> (0x00000000f780bfd0) 
thrown [src/hotspot/share/interpreter/interpreterRuntime.cpp, line 428]
Event: 2732.172 Thread 0x00007fa70c4c44a0 Exception <a 'java/lang/OutOfMemoryError'{0x00000000e00050c0}> (0x00000000e00050c0) 
thrown [src/hotspot/share/gc/shared/memAllocator.cpp, line 138]
Event: 2732.172 Thread 0x00007fa70c4c44a0 Implicit null exception at 0x00007fa7670ffded to 0x00007fa7670ffe79
Event: 2752.283 Thread 0x00007fa6fc007440 Exception <a 'java/lang/OutOfMemoryError'{0x00000000e0004580}> (0x00000000e0004580) 
thrown [src/hotspot/share/gc/shared/memAllocator.cpp, line 136]
Event: 2756.560 Thread 0x00007fa7780b1c00 Exception <a 'java/lang/OutOfMemoryError'{0x00000000e0004b70}> (0x00000000e0004b70) 
thrown [src/hotspot/share/gc/shared/memAllocator.cpp, line 136]

VM Operations (20 events):
Event: 2734.061 Executing VM operation: ParallelGCFailedAllocation done
Event: 2734.062 Executing VM operation: ParallelGCFailedAllocation
Event: 2735.992 Executing VM operation: ParallelGCFailedAllocation done
Event: 2735.993 Executing VM operation: ParallelGCFailedAllocation
Event: 2737.989 Executing VM operation: ParallelGCFailedAllocation done
Event: 2737.989 Executing VM operation: ParallelGCFailedAllocation
Event: 2740.059 Executing VM operation: ParallelGCFailedAllocation done
Event: 2740.060 Executing VM operation: ParallelGCFailedAllocation
Event: 2742.174 Executing VM operation: ParallelGCFailedAllocation done
Event: 2742.174 Executing VM operation: ParallelGCFailedAllocation
Event: 2744.265 Executing VM operation: ParallelGCFailedAllocation done
Event: 2744.265 Executing VM operation: ParallelGCFailedAllocation
Event: 2746.389 Executing VM operation: ParallelGCFailedAllocation done
Event: 2746.389 Executing VM operation: ParallelGCFailedAllocation
Event: 2748.274 Executing VM operation: ParallelGCFailedAllocation done
Event: 2748.274 Executing VM operation: ParallelGCFailedAllocation
Event: 2752.283 Executing VM operation: ParallelGCFailedAllocation done
Event: 2752.284 Executing VM operation: ParallelGCFailedAllocation
Event: 2756.560 Executing VM operation: ParallelGCFailedAllocation done
Event: 2756.560 Executing VM operation: ParallelGCFailedAllocation

Events (20 events):
Event: 374.469 Protecting memory [0x00007fa723900000,0x00007fa723904000] with protection modes 0
Event: 384.080 loading class java/util/concurrent/CancellationException
Event: 384.080 loading class java/util/concurrent/CancellationException done
Event: 384.080 loading class java/util/concurrent/CompletionException
Event: 384.080 loading class java/util/concurrent/CompletionException done
Event: 601.486 Thread 0x00007fa6e01b1b50 Thread exited: 0x00007fa6e01b1b50
Event: 758.956 Thread 0x00007fa6e01b1b50 Thread added: 0x00007fa6e01b1b50
Event: 758.956 Protecting memory [0x00007fa722f00000,0x00007fa722f04000] with protection modes 0
Event: 793.094 Thread 0x00007fa6c8005f10 Thread added: 0x00007fa6c8005f10
Event: 793.095 Protecting memory [0x00007fa722b00000,0x00007fa722b04000] with protection modes 0
Event: 851.455 Thread 0x00007fa6c8005f10 Thread exited: 0x00007fa6c8005f10
Event: 1464.898 Thread 0x00007fa6e01b1b50 Thread exited: 0x00007fa6e01b1b50
Event: 2398.771 Thread 0x00007fa6f432b800 Thread exited: 0x00007fa6f432b800
Event: 2431.465 Thread 0x00007fa6e01b1b50 Thread added: 0x00007fa6e01b1b50
Event: 2431.465 Protecting memory [0x00007fa723b00000,0x00007fa723b04000] with protection modes 0
Event: 2433.594 Thread 0x00007fa6e01b1b50 Thread exited: 0x00007fa6e01b1b50
Event: 2435.978 Thread 0x00007fa6e01b1b50 Thread added: 0x00007fa6e01b1b50
Event: 2435.978 Protecting memory [0x00007fa723b00000,0x00007fa723b04000] with protection modes 0
Event: 2445.175 Thread 0x00007fa6f432dc20 Thread added: 0x00007fa6f432dc20
Event: 2445.175 Protecting memory [0x00007fa722f00000,0x00007fa722f04000] with protection modes 0


Dynamic libraries:
e0000000-f3d00000 rw-p 00000000 00:00 0 
f3d00000-fc300000 rw-p 00000000 00:00 0 
fc300000-100000000 ---p 00000000 00:00 0 
800000000-800449000 rw-p 00001000 00:cc3 707969865                       /nix/store/gpxl5qgg8kicmcvivwmybwjlpf7wh20l-graalvm17-ce-22.3.0/lib/server/classes.jsa
800449000-800bc8000 r--p 0044a000 00:cc3 707969865                       /nix/store/gpxl5qgg8kicmcvivwmybwjlpf7wh20l-graalvm17-ce-22.3.0/lib/server/classes.jsa
800bc8000-800c00000 ---p 00000000 00:00 0 
800c00000-800c10000 rw-p 00000000 00:00 0 
800c10000-800c30000 rw-p 00000000 00:00 0 
800c30000-800cb0000 rw-p 00000000 00:00 0 
800cb0000-800cf0000 rw-p 00000000 00:00 0 
800cf0000-800db0000 rw-p 00000000 00:00 0 
800db0000-800df0000 rw-p 00000000 00:00 0 
800df0000-800f30000 rw-p 00000000 00:00 0 
800f30000-800fb0000 rw-p 00000000 00:00 0 
800fb0000-800ff0000 rw-p 00000000 00:00 0 
800ff0000-8011d0000 rw-p 00000000 00:00 0 
8011d0000-840c00000 ---p 00000000 00:00 0 
564a91b7c000-564a91b7d000 r-xp 00000000 00:cc3 672029940                 /nix/store/gpxl5qgg8kicmcvivwmybwjlpf7wh20l-graalvm17-ce-22.3.0/bin/.java-wrapped
564a91b7e000-564a91b7f000 r--p 00001000 00:cc3 672029940                 /nix/store/gpxl5qgg8kicmcvivwmybwjlpf7wh20l-graalvm17-ce-22.3.0/bin/.java-wrapped
564a91b7f000-564a91b80000 rw-p 00002000 00:cc3 672029940                 /nix/store/gpxl5qgg8kicmcvivwmybwjlpf7wh20l-graalvm17-ce-22.3.0/bin/.java-wrapped
564a91b80000-564a91b81000 rw-p 00004000 00:cc3 672029940                 /nix/store/gpxl5qgg8kicmcvivwmybwjlpf7wh20l-graalvm17-ce-22.3.0/bin/.java-wrapped
564a91b81000-564a91b82000 rw-p 00005000 00:cc3 672029940                 /nix/store/gpxl5qgg8kicmcvivwmybwjlpf7wh20l-graalvm17-ce-22.3.0/bin/.java-wrapped
564a91ebb000-564a91f03000 rw-p 00000000 00:00 0                          [heap]
7fa6c0000000-7fa6c00b7000 rw-p 00000000 00:00 0 
7fa6c00b7000-7fa6c4000000 ---p 00000000 00:00 0 
7fa6c7000000-7fa6c72a0000 rw-p 00000000 00:00 0 
7fa6c72a0000-7fa6c7800000 ---p 00000000 00:00 0 
7fa6c8000000-7fa6c8024000 rw-p 00000000 00:00 0 
7fa6c8024000-7fa6cc000000 ---p 00000000 00:00 0 
7fa6ce4b3000-7fa6d8000000 r--s 00000000 00:cc3 707804677                 /nix/store/gpxl5qgg8kicmcvivwmybwjlpf7wh20l-graalvm17-ce-22.3.0/lib/modules
7fa6d8000000-7fa6d8021000 rw-p 00000000 00:00 0 
7fa6d8021000-7fa6dc000000 ---p 00000000 00:00 0 
7fa6dc000000-7fa6dc140000 rw-p 00000000 00:00 0 
7fa6dc140000-7fa6e0000000 ---p 00000000 00:00 0 
7fa6e0000000-7fa6e0216000 rw-p 00000000 00:00 0 
7fa6e0216000-7fa6e4000000 ---p 00000000 00:00 0 
7fa6e4000000-7fa6e4114000 rw-p 00000000 00:00 0 
7fa6e4114000-7fa6e8000000 ---p 00000000 00:00 0 
7fa6e8000000-7fa6e8051000 rw-p 00000000 00:00 0 
7fa6e8051000-7fa6ec000000 ---p 00000000 00:00 0 
7fa6ec000000-7fa6ec021000 rw-p 00000000 00:00 0 
7fa6ec021000-7fa6f0000000 ---p 00000000 00:00 0 
7fa6f0000000-7fa6f002f000 rw-p 00000000 00:00 0 
7fa6f002f000-7fa6f4000000 ---p 00000000 00:00 0 
7fa6f4000000-7fa6f433e000 rw-p 00000000 00:00 0 
7fa6f433e000-7fa6f8000000 ---p 00000000 00:00 0 
7fa6f8000000-7fa6f8021000 rw-p 00000000 00:00 0 
7fa6f8021000-7fa6fc000000 ---p 00000000 00:00 0 
7fa6fc000000-7fa6fc105000 rw-p 00000000 00:00 0 
7fa6fc105000-7fa700000000 ---p 00000000 00:00 0 
7fa700000000-7fa700021000 rw-p 00000000 00:00 0 
7fa700021000-7fa704000000 ---p 00000000 00:00 0 
7fa704000000-7fa704021000 rw-p 00000000 00:00 0 
7fa704021000-7fa708000000 ---p 00000000 00:00 0 
7fa709800000-7fa709d30000 rw-p 00000000 00:00 0 
7fa709d30000-7fa709de0000 rw-p 00000000 00:00 0 
7fa709de0000-7fa709e00000 ---p 00000000 00:00 0 
7fa709e00000-7fa709ff0000 rw-p 00000000 00:00 0 
7fa709ff0000-7fa70a770000 rw-p 00000000 00:00 0 
7fa70a770000-7fa70a7f0000 rw-p 00000000 00:00 0 
7fa70a7f0000-7fa70a8f0000 rw-p 00000000 00:00 0 
7fa70a8f0000-7fa70aaf0000 rw-p 00000000 00:00 0 
7fa70aaf0000-7fa70abd0000 rw-p 00000000 00:00 0 
7fa70abd0000-7fa70acf0000 rw-p 00000000 00:00 0 
7fa70acf0000-7fa70aef0000 rw-p 00000000 00:00 0 
7fa70aef0000-7fa70aff0000 rw-p 00000000 00:00 0 
7fa70aff0000-7fa70b0f0000 rw-p 00000000 00:00 0 
7fa70b0f0000-7fa70b1f0000 rw-p 00000000 00:00 0 
7fa70b1f0000-7fa70b7f0000 rw-p 00000000 00:00 0 
7fa70b7f0000-7fa70b8f0000 rw-p 00000000 00:00 0 
7fa70b8f0000-7fa70b9f0000 rw-p 00000000 00:00 0 
7fa70b9f0000-7fa70bcf0000 rw-p 00000000 00:00 0 
7fa70bcf0000-7fa70bdf0000 rw-p 00000000 00:00 0 
7fa70bdf0000-7fa70c000000 rw-p 00000000 00:00 0 
7fa70c000000-7fa70c8c2000 rw-p 00000000 00:00 0 
7fa70c8c2000-7fa710000000 ---p 00000000 00:00 0 
7fa710000000-7fa710025000 rw-p 00000000 00:00 0 
7fa710025000-7fa714000000 ---p 00000000 00:00 0 
7fa714000000-7fa714021000 rw-p 00000000 00:00 0 
7fa714021000-7fa718000000 ---p 00000000 00:00 0 
7fa718000000-7fa718021000 rw-p 00000000 00:00 0 
7fa718021000-7fa71c000000 ---p 00000000 00:00 0 
7fa71c000000-7fa71c051000 rw-p 00000000 00:00 0 
7fa71c051000-7fa720000000 ---p 00000000 00:00 0 
7fa720a00000-7fa720a10000 r-xp 00000000 00:cba 351                       /home/runner/DSA/.cache/jdt-language-server/config/org.eclipse.equinox.launcher/org.eclipse.equinox.launcher.gtk.linux.x86_64_1.2.400.v20211117-0650/eclipse_11600.so
7fa720a10000-7fa720c0f000 ---p 00010000 00:cba 351                       /home/runner/DSA/.cache/jdt-language-server/config/org.eclipse.equinox.launcher/org.eclipse.equinox.launcher.gtk.linux.x86_64_1.2.400.v20211117-0650/eclipse_11600.so
7fa720c0f000-7fa720c10000 r--p 0000f000 00:cba 351                       /home/runner/DSA/.cache/jdt-language-server/config/org.eclipse.equinox.launcher/org.eclipse.equinox.launcher.gtk.linux.x86_64_1.2.400.v20211117-0650/eclipse_11600.so
7fa720c10000-7fa720c11000 rw-p 00010000 00:cba 351                       /home/runner/DSA/.cache/jdt-language-server/config/org.eclipse.equinox.launcher/org.eclipse.equinox.launcher.gtk.linux.x86_64_1.2.400.v20211117-0650/eclipse_11600.so
7fa721700000-7fa721800000 ---p 00000000 00:00 0 
7fa721800000-7fa721daf000 r--p 01122000 00:cc3 707802136                 /nix/store/gpxl5qgg8kicmcvivwmybwjlpf7wh20l-graalvm17-ce-22.3.0/lib/libjvmcicompiler.so
7fa721daf000-7fa721f00000 r--p 00000000 00:00 0 
7fa721f00000-7fa721f3d000 rw-p 00000000 00:00 0 
7fa721f3d000-7fa72245d000 rw-p 0185f000 00:cc3 707802136                 /nix/store/gpxl5qgg8kicmcvivwmybwjlpf7wh20l-graalvm17-ce-22.3.0/lib/libjvmcicompiler.so
7fa72245d000-7fa722844000 r--p 01d7f000 00:cc3 707802136                 /nix/store/gpxl5qgg8kicmcvivwmybwjlpf7wh20l-graalvm17-ce-22.3.0/lib/libjvmcicompiler.so
7fa722900000-7fa722904000 ---p 00000000 00:00 0 
7fa722904000-7fa722a00000 rw-p 00000000 00:00 0 
7fa722b00000-7fa722b04000 ---p 00000000 00:00 0 
7fa722b04000-7fa722c00000 rw-p 00000000 00:00 0 
7fa722d00000-7fa722d04000 ---p 00000000 00:00 0 
7fa722d04000-7fa722e00000 rw-p 00000000 00:00 0 
7fa722f00000-7fa722f04000 ---p 00000000 00:00 0 
7fa722f04000-7fa723000000 rw-p 00000000 00:00 0 
7fa723100000-7fa723104000 ---p 00000000 00:00 0 
7fa723104000-7fa723200000 rw-p 00000000 00:00 0 
7fa723300000-7fa723304000 ---p 00000000 00:00 0 
7fa723304000-7fa723400000 rw-p 00000000 00:00 0 
7fa723500000-7fa723504000 ---p 00000000 00:00 0 
7fa723504000-7fa723600000 rw-p 00000000 00:00 0 
7fa723700000-7fa723704000 ---p 00000000 00:00 0 
7fa723704000-7fa723800000 rw-p 00000000 00:00 0 
7fa723900000-7fa723904000 ---p 00000000 00:00 0 
7fa723904000-7fa723a00000 rw-p 00000000 00:00 0 
7fa723a00000-7fa723a04000 ---p 00000000 00:00 0 
7fa723a04000-7fa723b00000 rw-p 00000000 00:00 0 
7fa723b00000-7fa723b04000 ---p 00000000 00:00 0 
7fa723b04000-7fa723c00000 rw-p 00000000 00:00 0 
7fa723d00000-7fa723d04000 ---p 00000000 00:00 0 
7fa723d04000-7fa723e00000 rw-p 00000000 00:00 0 
7fa723f00000-7fa723f04000 ---p 00000000 00:00 0 
7fa723f04000-7fa724000000 rw-p 00000000 00:00 0 
7fa724100000-7fa724104000 ---p 00000000 00:00 0 
7fa724104000-7fa724200000 rw-p 00000000 00:00 0 
7fa724300000-7fa724304000 ---p 00000000 00:00 0 
7fa724304000-7fa724400000 rw-p 00000000 00:00 0 
7fa724500000-7fa724504000 ---p 00000000 00:00 0 
7fa724504000-7fa724600000 rw-p 00000000 00:00 0 
7fa724700000-7fa724704000 ---p 00000000 00:00 0 
7fa724704000-7fa724800000 rw-p 00000000 00:00 0 
7fa724900000-7fa724904000 ---p 00000000 00:00 0 
7fa724904000-7fa724a00000 rw-p 00000000 00:00 0 
7fa725668000-7fa725b00000 rw-p 00000000 00:00 0 
7fa725c00000-7fa727d6a000 r-xp 00000000 00:cc3 707802136                 /nix/store/gpxl5qgg8kicmcvivwmybwjlpf7wh20l-graalvm17-ce-22.3.0/lib/libjvmcicompiler.so
7fa727d6a000-7fa727f69000 ---p 0216a000 00:cc3 707802136                 /nix/store/gpxl5qgg8kicmcvivwmybwjlpf7wh20l-graalvm17-ce-22.3.0/lib/libjvmcicompiler.so
7fa727f69000-7fa727f6a000 r--p 02169000 00:cc3 707802136                 /nix/store/gpxl5qgg8kicmcvivwmybwjlpf7wh20l-graalvm17-ce-22.3.0/lib/libjvmcicompiler.so
7fa727f6a000-7fa727f6c000 rw-p 0216a000 00:cc3 707802136                 /nix/store/gpxl5qgg8kicmcvivwmybwjlpf7wh20l-graalvm17-ce-22.3.0/lib/libjvmcicompiler.so
7fa727f6c000-7fa727f6d000 rw-p 00000000 00:00 0 
7fa727f6d000-7fa727f72000 rw-p 023c3000 00:cc3 707802136                 /nix/store/gpxl5qgg8kicmcvivwmybwjlpf7wh20l-graalvm17-ce-22.3.0/lib/libjvmcicompiler.so
7fa728000000-7fa728021000 rw-p 00000000 00:00 0 
7fa728021000-7fa72c000000 ---p 00000000 00:00 0 
7fa72c000000-7fa72c021000 rw-p 00000000 00:00 0 
7fa72c021000-7fa730000000 ---p 00000000 00:00 0 
7fa730000000-7fa730021000 rw-p 00000000 00:00 0 
7fa730021000-7fa734000000 ---p 00000000 00:00 0 
7fa734000000-7fa734021000 rw-p 00000000 00:00 0 
7fa734021000-7fa738000000 ---p 00000000 00:00 0 
7fa738000000-7fa7380d4000 rw-p 00000000 00:00 0 
7fa7380d4000-7fa73c000000 ---p 00000000 00:00 0 
7fa73c000000-7fa73ca61000 rw-p 00000000 00:00 0 
7fa73ca61000-7fa740000000 ---p 00000000 00:00 0 
7fa740000000-7fa740021000 rw-p 00000000 00:00 0 
7fa740021000-7fa744000000 ---p 00000000 00:00 0 
7fa744000000-7fa744021000 rw-p 00000000 00:00 0 
7fa744021000-7fa748000000 ---p 00000000 00:00 0 
7fa748000000-7fa748021000 rw-p 00000000 00:00 0 
7fa748021000-7fa74c000000 ---p 00000000 00:00 0 
7fa74c000000-7fa74c021000 rw-p 00000000 00:00 0 
7fa74c021000-7fa750000000 ---p 00000000 00:00 0 
7fa750000000-7fa750021000 rw-p 00000000 00:00 0 
7fa750021000-7fa754000000 ---p 00000000 00:00 0 
7fa754000000-7fa754021000 rw-p 00000000 00:00 0 
7fa754021000-7fa758000000 ---p 00000000 00:00 0 
7fa758000000-7fa75806f000 rw-p 00000000 00:00 0 
7fa75806f000-7fa75c000000 ---p 00000000 00:00 0 
7fa75c018000-7fa75c019000 ---p 00000000 00:00 0 
7fa75c019000-7fa75c11a000 rw-p 00000000 00:00 0 
7fa75c11a000-7fa75c11e000 ---p 00000000 00:00 0 
7fa75c11e000-7fa75c21a000 rw-p 00000000 00:00 0 
7fa75c21a000-7fa75c21e000 ---p 00000000 00:00 0 
7fa75c21e000-7fa75c31a000 rw-p 00000000 00:00 0 
7fa75c31a000-7fa75c31e000 ---p 00000000 00:00 0 
7fa75c31e000-7fa75c41a000 rw-p 00000000 00:00 0 
7fa75c41a000-7fa75c41e000 ---p 00000000 00:00 0 
7fa75c41e000-7fa75c61a000 rw-p 00000000 00:00 0 
7fa75c61a000-7fa75c61e000 ---p 00000000 00:00 0 
7fa75c61e000-7fa75c81a000 rw-p 00000000 00:00 0 
7fa75c81a000-7fa75c81e000 ---p 00000000 00:00 0 
7fa75c81e000-7fa75c91a000 rw-p 00000000 00:00 0 
7fa75c91a000-7fa75c91e000 ---p 00000000 00:00 0 
7fa75c91e000-7fa75ca1a000 rw-p 00000000 00:00 0 
7fa75ca1a000-7fa75ca1e000 ---p 00000000 00:00 0 
7fa75ca1e000-7fa75cb1a000 rw-p 00000000 00:00 0 
7fa75cb1a000-7fa75ce00000 r--p 00000000 00:9e0 28444448                  /usr/lib/locale/locale-archive
7fa75ce00000-7fa75ce04000 ---p 00000000 00:00 0 
7fa75ce04000-7fa75cf00000 rw-p 00000000 00:00 0 
7fa75cf00000-7fa75cf04000 ---p 00000000 00:00 0 
7fa75cf04000-7fa75d3f0000 rw-p 00000000 00:00 0 
7fa75d3f0000-7fa75d6f0000 rw-p 00000000 00:00 0 
7fa75d6f0000-7fa75d800000 rw-p 00000000 00:00 0 
7fa75d82f000-7fa75d833000 ---p 00000000 00:00 0 
7fa75d833000-7fa75d851000 rw-p 00000000 00:00 0 
7fa75d851000-7fa75d852000 ---p 00000000 00:00 0 
7fa75d852000-7fa75d953000 rw-p 00000000 00:00 0 
7fa75d953000-7fa75da21000 r-xp 00000000 00:cc3 707802132                 /nix/store/gpxl5qgg8kicmcvivwmybwjlpf7wh20l-graalvm17-ce-22.3.0/lib/libjsvml.so
7fa75da21000-7fa75da22000 r--p 000cd000 00:cc3 707802132                 /nix/store/gpxl5qgg8kicmcvivwmybwjlpf7wh20l-graalvm17-ce-22.3.0/lib/libjsvml.so
7fa75da22000-7fa75da23000 rw-p 000ce000 00:cc3 707802132                 /nix/store/gpxl5qgg8kicmcvivwmybwjlpf7wh20l-graalvm17-ce-22.3.0/lib/libjsvml.so
7fa75da23000-7fa75f2b0000 rw-p 00000000 00:00 0 
7fa75f2b0000-7fa75f2b1000 ---p 00000000 00:00 0 
7fa75f2b1000-7fa75f451000 rw-p 00000000 00:00 0 
7fa75f451000-7fa75f494000 rw-p 00000000 00:00 0 
7fa75f494000-7fa75f4b2000 ---p 00000000 00:00 0 
7fa75f4b2000-7fa75f4b3000 rw-p 00000000 00:00 0 
7fa75f4b3000-7fa75f723000 rwxp 00000000 00:00 0 
7fa75f723000-7fa75fa42000 ---p 00000000 00:00 0 
7fa75fa42000-7fa760a22000 rwxp 00000000 00:00 0 
7fa760a22000-7fa766f7a000 ---p 00000000 00:00 0 
7fa766f7a000-7fa7671ea000 rwxp 00000000 00:00 0 
7fa7671ea000-7fa76e4b3000 ---p 00000000 00:00 0 
7fa76e4b3000-7fa778000000 r--s 00000000 00:cc3 707804677                 /nix/store/gpxl5qgg8kicmcvivwmybwjlpf7wh20l-graalvm17-ce-22.3.0/lib/modules
7fa778000000-7fa778612000 rw-p 00000000 00:00 0 
7fa778612000-7fa77c000000 ---p 00000000 00:00 0 
7fa77c014000-7fa77c016000 r-xp 00000000 00:cc3 707802113                 /nix/store/gpxl5qgg8kicmcvivwmybwjlpf7wh20l-graalvm17-ce-22.3.0/lib/libextnet.so
7fa77c016000-7fa77c017000 r--p 00001000 00:cc3 707802113                 /nix/store/gpxl5qgg8kicmcvivwmybwjlpf7wh20l-graalvm17-ce-22.3.0/lib/libextnet.so
7fa77c017000-7fa77c018000 rw-p 00002000 00:cc3 707802113                 /nix/store/gpxl5qgg8kicmcvivwmybwjlpf7wh20l-graalvm17-ce-22.3.0/lib/libextnet.so
7fa77c018000-7fa77c019000 rw-p 00004000 00:cc3 707802113                 /nix/store/gpxl5qgg8kicmcvivwmybwjlpf7wh20l-graalvm17-ce-22.3.0/lib/libextnet.so
7fa77c019000-7fa77c020000 r-xp 00000000 00:cc3 707804676                 /nix/store/gpxl5qgg8kicmcvivwmybwjlpf7wh20l-graalvm17-ce-22.3.0/lib/libzip.so
7fa77c020000-7fa77c021000 ---p 00007000 00:cc3 707804676                 /nix/store/gpxl5qgg8kicmcvivwmybwjlpf7wh20l-graalvm17-ce-22.3.0/lib/libzip.so
7fa77c021000-7fa77c022000 r--p 00007000 00:cc3 707804676                 /nix/store/gpxl5qgg8kicmcvivwmybwjlpf7wh20l-graalvm17-ce-22.3.0/lib/libzip.so
7fa77c022000-7fa77c023000 rw-p 00008000 00:cc3 707804676                 /nix/store/gpxl5qgg8kicmcvivwmybwjlpf7wh20l-graalvm17-ce-22.3.0/lib/libzip.so
7fa77c023000-7fa77c025000 rw-p 0000b000 00:cc3 707804676                 /nix/store/gpxl5qgg8kicmcvivwmybwjlpf7wh20l-graalvm17-ce-22.3.0/lib/libzip.so
7fa77c025000-7fa77c03a000 r-xp 00000000 00:cc3 707804666                 /nix/store/gpxl5qgg8kicmcvivwmybwjlpf7wh20l-graalvm17-ce-22.3.0/lib/libnet.so
7fa77c03a000-7fa77c03b000 ---p 00015000 00:cc3 707804666                 /nix/store/gpxl5qgg8kicmcvivwmybwjlpf7wh20l-graalvm17-ce-22.3.0/lib/libnet.so
7fa77c03b000-7fa77c03c000 r--p 00015000 00:cc3 707804666                 /nix/store/gpxl5qgg8kicmcvivwmybwjlpf7wh20l-graalvm17-ce-22.3.0/lib/libnet.so
7fa77c03c000-7fa77c03d000 rw-p 00016000 00:cc3 707804666                 /nix/store/gpxl5qgg8kicmcvivwmybwjlpf7wh20l-graalvm17-ce-22.3.0/lib/libnet.so
7fa77c03d000-7fa77c040000 rw-p 0001b000 00:cc3 707804666                 /nix/store/gpxl5qgg8kicmcvivwmybwjlpf7wh20l-graalvm17-ce-22.3.0/lib/libnet.so
7fa77c040000-7fa77c053000 r-xp 00000000 00:cc3 707804667                 /nix/store/gpxl5qgg8kicmcvivwmybwjlpf7wh20l-graalvm17-ce-22.3.0/lib/libnio.so
7fa77c053000-7fa77c054000 r--p 00012000 00:cc3 707804667                 /nix/store/gpxl5qgg8kicmcvivwmybwjlpf7wh20l-graalvm17-ce-22.3.0/lib/libnio.so
7fa77c054000-7fa77c055000 rw-p 00013000 00:cc3 707804667                 /nix/store/gpxl5qgg8kicmcvivwmybwjlpf7wh20l-graalvm17-ce-22.3.0/lib/libnio.so
7fa77c055000-7fa77c05a000 rw-p 00019000 00:cc3 707804667                 /nix/store/gpxl5qgg8kicmcvivwmybwjlpf7wh20l-graalvm17-ce-22.3.0/lib/libnio.so
7fa77c05a000-7fa77c0aa000 rw-p 00000000 00:00 0 
7fa77c0aa000-7fa77c190000 ---p 00000000 00:00 0 
7fa77c190000-7fa77c1b0000 rw-p 00000000 00:00 0 
7fa77c1b0000-7fa77c27b000 ---p 00000000 00:00 0 
7fa77c27b000-7fa77c280000 rw-p 00000000 00:00 0 
7fa77c280000-7fa77c287000 ---p 00000000 00:00 0 
7fa77c287000-7fa77c2ab000 r-xp 00000000 00:cc3 707802124                 /nix/store/gpxl5qgg8kicmcvivwmybwjlpf7wh20l-graalvm17-ce-22.3.0/lib/libjava.so
7fa77c2ab000-7fa77c2ac000 ---p 00024000 00:cc3 707802124                 /nix/store/gpxl5qgg8kicmcvivwmybwjlpf7wh20l-graalvm17-ce-22.3.0/lib/libjava.so
7fa77c2ac000-7fa77c2ad000 r--p 00024000 00:cc3 707802124                 /nix/store/gpxl5qgg8kicmcvivwmybwjlpf7wh20l-graalvm17-ce-22.3.0/lib/libjava.so
7fa77c2ad000-7fa77c2ae000 rw-p 00025000 00:cc3 707802124                 /nix/store/gpxl5qgg8kicmcvivwmybwjlpf7wh20l-graalvm17-ce-22.3.0/lib/libjava.so
7fa77c2ae000-7fa77c2af000 rw-p 00000000 00:00 0 
7fa77c2af000-7fa77c2b6000 rw-p 0002f000 00:cc3 707802124                 /nix/store/gpxl5qgg8kicmcvivwmybwjlpf7wh20l-graalvm17-ce-22.3.0/lib/libjava.so
7fa77c2b6000-7fa77c2be000 rw-s 00000000 00:8b 382                        /tmp/hsperfdata_runner/28
7fa77c2be000-7fa77c2bf000 ---p 00000000 00:00 0 
7fa77c2bf000-7fa77c2c0000 r--p 00000000 00:00 0 
7fa77c2c0000-7fa77c2c1000 rwxp 00000000 00:00 0 
7fa77c2c1000-7fa77c2dc000 r-xp 00000000 00:cc3 707802128                 /nix/store/gpxl5qgg8kicmcvivwmybwjlpf7wh20l-graalvm17-ce-22.3.0/lib/libjimage.so
7fa77c2dc000-7fa77c2dd000 ---p 0001b000 00:cc3 707802128                 /nix/store/gpxl5qgg8kicmcvivwmybwjlpf7wh20l-graalvm17-ce-22.3.0/lib/libjimage.so
7fa77c2dd000-7fa77c2df000 r--p 0001b000 00:cc3 707802128                 /nix/store/gpxl5qgg8kicmcvivwmybwjlpf7wh20l-graalvm17-ce-22.3.0/lib/libjimage.so
7fa77c2df000-7fa77c2e0000 rw-p 0001d000 00:cc3 707802128                 /nix/store/gpxl5qgg8kicmcvivwmybwjlpf7wh20l-graalvm17-ce-22.3.0/lib/libjimage.so
7fa77c2e0000-7fa77c2e1000 rw-p 00024000 00:cc3 707802128                 /nix/store/gpxl5qgg8kicmcvivwmybwjlpf7wh20l-graalvm17-ce-22.3.0/lib/libjimage.so
7fa77c2e1000-7fa77c2e5000 ---p 00000000 00:00 0 
7fa77c2e5000-7fa77c3e1000 rw-p 00000000 00:00 0 
7fa77c3e1000-7fa77c3ef000 r--p 00000000 00:cc3 600592023                 /nix/store/4nlgxhb09sdr51nc9hdm8az5b08vzkgx-glibc-2.35-163/lib/libm.so.6
7fa77c3ef000-7fa77c462000 r-xp 0000e000 00:cc3 600592023                 /nix/store/4nlgxhb09sdr51nc9hdm8az5b08vzkgx-glibc-2.35-163/lib/libm.so.6
7fa77c462000-7fa77c4bf000 r--p 00081000 00:cc3 600592023                 /nix/store/4nlgxhb09sdr51nc9hdm8az5b08vzkgx-glibc-2.35-163/lib/libm.so.6
7fa77c4bf000-7fa77c4c0000 r--p 000dd000 00:cc3 600592023                 /nix/store/4nlgxhb09sdr51nc9hdm8az5b08vzkgx-glibc-2.35-163/lib/libm.so.6
7fa77c4c0000-7fa77c4c1000 rw-p 000de000 00:cc3 600592023                 /nix/store/4nlgxhb09sdr51nc9hdm8az5b08vzkgx-glibc-2.35-163/lib/libm.so.6
7fa77c4c1000-7fa77c4c2000 r--p 00000000 00:cc3 600592042                 /nix/store/4nlgxhb09sdr51nc9hdm8az5b08vzkgx-glibc-2.35-163/lib/librt.so.1
7fa77c4c2000-7fa77c4c3000 r-xp 00001000 00:cc3 600592042                 /nix/store/4nlgxhb09sdr51nc9hdm8az5b08vzkgx-glibc-2.35-163/lib/librt.so.1
7fa77c4c3000-7fa77c4c4000 r--p 00002000 00:cc3 600592042                 /nix/store/4nlgxhb09sdr51nc9hdm8az5b08vzkgx-glibc-2.35-163/lib/librt.so.1
7fa77c4c4000-7fa77c4c5000 r--p 00002000 00:cc3 600592042                 /nix/store/4nlgxhb09sdr51nc9hdm8az5b08vzkgx-glibc-2.35-163/lib/librt.so.1
7fa77c4c5000-7fa77c4c6000 rw-p 00003000 00:cc3 600592042                 /nix/store/4nlgxhb09sdr51nc9hdm8az5b08vzkgx-glibc-2.35-163/lib/librt.so.1
7fa77c4c6000-7fa77d5d9000 r-xp 00000000 00:cc3 707972962                 /nix/store/gpxl5qgg8kicmcvivwmybwjlpf7wh20l-graalvm17-ce-22.3.0/lib/server/libjvm.so
7fa77d5d9000-7fa77d5da000 ---p 01113000 00:cc3 707972962                 /nix/store/gpxl5qgg8kicmcvivwmybwjlpf7wh20l-graalvm17-ce-22.3.0/lib/server/libjvm.so
7fa77d5da000-7fa77d68f000 r--p 01113000 00:cc3 707972962                 /nix/store/gpxl5qgg8kicmcvivwmybwjlpf7wh20l-graalvm17-ce-22.3.0/lib/server/libjvm.so
7fa77d68f000-7fa77d6c3000 rw-p 011c8000 00:cc3 707972962                 /nix/store/gpxl5qgg8kicmcvivwmybwjlpf7wh20l-graalvm17-ce-22.3.0/lib/server/libjvm.so
7fa77d6c3000-7fa77d71f000 rw-p 00000000 00:00 0 
7fa77d71f000-7fa77d747000 r--p 00000000 00:cc3 600592014                 /nix/store/4nlgxhb09sdr51nc9hdm8az5b08vzkgx-glibc-2.35-163/lib/libc.so.6
7fa77d747000-7fa77d8bd000 r-xp 00028000 00:cc3 600592014                 /nix/store/4nlgxhb09sdr51nc9hdm8az5b08vzkgx-glibc-2.35-163/lib/libc.so.6
7fa77d8bd000-7fa77d915000 r--p 0019e000 00:cc3 600592014                 /nix/store/4nlgxhb09sdr51nc9hdm8az5b08vzkgx-glibc-2.35-163/lib/libc.so.6
7fa77d915000-7fa77d919000 r--p 001f6000 00:cc3 600592014                 /nix/store/4nlgxhb09sdr51nc9hdm8az5b08vzkgx-glibc-2.35-163/lib/libc.so.6
7fa77d919000-7fa77d91b000 rw-p 001fa000 00:cc3 600592014                 /nix/store/4nlgxhb09sdr51nc9hdm8az5b08vzkgx-glibc-2.35-163/lib/libc.so.6
7fa77d91b000-7fa77d92a000 rw-p 00000000 00:00 0 
7fa77d92a000-7fa77d92b000 r--p 00000000 00:cc3 600592019                 /nix/store/4nlgxhb09sdr51nc9hdm8az5b08vzkgx-glibc-2.35-163/lib/libdl.so.2
7fa77d92b000-7fa77d92c000 r-xp 00001000 00:cc3 600592019                 /nix/store/4nlgxhb09sdr51nc9hdm8az5b08vzkgx-glibc-2.35-163/lib/libdl.so.2
7fa77d92c000-7fa77d92d000 r--p 00002000 00:cc3 600592019                 /nix/store/4nlgxhb09sdr51nc9hdm8az5b08vzkgx-glibc-2.35-163/lib/libdl.so.2
7fa77d92d000-7fa77d92e000 r--p 00002000 00:cc3 600592019                 /nix/store/4nlgxhb09sdr51nc9hdm8az5b08vzkgx-glibc-2.35-163/lib/libdl.so.2
7fa77d92e000-7fa77d92f000 rw-p 00003000 00:cc3 600592019                 /nix/store/4nlgxhb09sdr51nc9hdm8az5b08vzkgx-glibc-2.35-163/lib/libdl.so.2
7fa77d92f000-7fa77d930000 r--p 00000000 00:cc3 600592038                 /nix/store/4nlgxhb09sdr51nc9hdm8az5b08vzkgx-glibc-2.35-163/lib/libpthread.so.0
7fa77d930000-7fa77d931000 r-xp 00001000 00:cc3 600592038                 /nix/store/4nlgxhb09sdr51nc9hdm8az5b08vzkgx-glibc-2.35-163/lib/libpthread.so.0
7fa77d931000-7fa77d932000 r--p 00002000 00:cc3 600592038                 /nix/store/4nlgxhb09sdr51nc9hdm8az5b08vzkgx-glibc-2.35-163/lib/libpthread.so.0
7fa77d932000-7fa77d933000 r--p 00002000 00:cc3 600592038                 /nix/store/4nlgxhb09sdr51nc9hdm8az5b08vzkgx-glibc-2.35-163/lib/libpthread.so.0
7fa77d933000-7fa77d934000 rw-p 00003000 00:cc3 600592038                 /nix/store/4nlgxhb09sdr51nc9hdm8az5b08vzkgx-glibc-2.35-163/lib/libpthread.so.0
7fa77d934000-7fa77d942000 r-xp 00000000 00:cc3 707802129                 /nix/store/gpxl5qgg8kicmcvivwmybwjlpf7wh20l-graalvm17-ce-22.3.0/lib/libjli.so
7fa77d942000-7fa77d943000 ---p 0000e000 00:cc3 707802129                 /nix/store/gpxl5qgg8kicmcvivwmybwjlpf7wh20l-graalvm17-ce-22.3.0/lib/libjli.so
7fa77d943000-7fa77d944000 r--p 0000e000 00:cc3 707802129                 /nix/store/gpxl5qgg8kicmcvivwmybwjlpf7wh20l-graalvm17-ce-22.3.0/lib/libjli.so
7fa77d944000-7fa77d945000 rw-p 0000f000 00:cc3 707802129                 /nix/store/gpxl5qgg8kicmcvivwmybwjlpf7wh20l-graalvm17-ce-22.3.0/lib/libjli.so
7fa77d945000-7fa77d946000 rw-p 00012000 00:cc3 707802129                 /nix/store/gpxl5qgg8kicmcvivwmybwjlpf7wh20l-graalvm17-ce-22.3.0/lib/libjli.so
7fa77d946000-7fa77d949000 r--p 00000000 00:cc3 678822167                 /nix/store/026hln0aq1hyshaxsdvhg0kmcm6yf45r-zlib-1.2.13/lib/libz.so.1.2.13
7fa77d949000-7fa77d95b000 r-xp 00003000 00:cc3 678822167                 /nix/store/026hln0aq1hyshaxsdvhg0kmcm6yf45r-zlib-1.2.13/lib/libz.so.1.2.13
7fa77d95b000-7fa77d962000 r--p 00015000 00:cc3 678822167                 /nix/store/026hln0aq1hyshaxsdvhg0kmcm6yf45r-zlib-1.2.13/lib/libz.so.1.2.13
7fa77d962000-7fa77d963000 r--p 0001b000 00:cc3 678822167                 /nix/store/026hln0aq1hyshaxsdvhg0kmcm6yf45r-zlib-1.2.13/lib/libz.so.1.2.13
7fa77d963000-7fa77d964000 rw-p 0001c000 00:cc3 678822167                 /nix/store/026hln0aq1hyshaxsdvhg0kmcm6yf45r-zlib-1.2.13/lib/libz.so.1.2.13
7fa77d964000-7fa77d966000 rw-p 00000000 00:00 0 
7fa77d966000-7fa77d968000 r--p 00000000 00:cc3 600592008                 /nix/store/4nlgxhb09sdr51nc9hdm8az5b08vzkgx-glibc-2.35-163/lib/ld-linux-x86-64.so.2
7fa77d968000-7fa77d98f000 r-xp 00002000 00:cc3 600592008                 /nix/store/4nlgxhb09sdr51nc9hdm8az5b08vzkgx-glibc-2.35-163/lib/ld-linux-x86-64.so.2
7fa77d98f000-7fa77d99b000 r--p 00029000 00:cc3 600592008                 /nix/store/4nlgxhb09sdr51nc9hdm8az5b08vzkgx-glibc-2.35-163/lib/ld-linux-x86-64.so.2
7fa77d99b000-7fa77d99d000 r--p 00034000 00:cc3 600592008                 /nix/store/4nlgxhb09sdr51nc9hdm8az5b08vzkgx-glibc-2.35-163/lib/ld-linux-x86-64.so.2
7fa77d99d000-7fa77d99f000 rw-p 00036000 00:cc3 600592008                 /nix/store/4nlgxhb09sdr51nc9hdm8az5b08vzkgx-glibc-2.35-163/lib/ld-linux-x86-64.so.2
7fff8e4ab000-7fff8e4cf000 rw-p 00000000 00:00 0                          [stack]
7fff8e547000-7fff8e54b000 r--p 00000000 00:00 0                          [vvar]
7fff8e54b000-7fff8e54d000 r-xp 00000000 00:00 0                          [vdso]
ffffffffff600000-ffffffffff601000 --xp 00000000 00:00 0                  [vsyscall]


VM Arguments:
jvm_args: -XX:ThreadPriorityPolicy=1 -XX:+UnlockExperimentalVMOptions -XX:+EnableJVMCIProduct -XX:JVMCIThreadsPerNativeLibraryRuntime=1 -XX:-UnlockExperimentalVMOptions -Declipse.application=org.eclipse.jdt.ls.core.id1 -Dosgi.bundles.defaultStartLevel=4 -Declipse.product=org.eclipse.jdt.ls.core.product -Dlog.level=ALL -Xverify:none -XX:+UseParallelGC -XX:GCTimeRatio=4 -XX:AdaptiveSizePolicyWeight=90 -Dsun.zip.disableMemoryMapping=true -Xmx512m -Xms100m 
java_command: /nix/store/a7s9klvriqi68xz3qjc0qyfl5h86xc16-jdt-language-server-1.9.0/share/java/plugins/org.eclipse.equinox.launcher_1.6.400.v20210924-0641.jar --add-modules=ALL-SYSTEM --add-opens java.base/java.util=ALL-UNNAMED --add-opens java.base/java.lang=ALL-UNNAMED -configuration /home/runner/DSA/.cache/jdt-language-server/config -data /home/runner/DSA/.cache/jdt-language-server/data/home/runner/DSA
java_class_path (initial): /nix/store/a7s9klvriqi68xz3qjc0qyfl5h86xc16-jdt-language-server-1.9.0/share/java/plugins/org.eclipse.equinox.launcher_1.6.400.v20210924-0641.jar
Launcher Type: SUN_STANDARD

[Global flags]
    uintx AdaptiveSizePolicyWeight                 = 90                                        {product} {command line}
     intx CICompilerCount                          = 2                                         {product} {ergonomic}
     bool EnableJVMCIProduct                       = true                                {JVMCI product} {jimage}
    uintx GCTimeRatio                              = 4                                         {product} {command line}
   size_t InitialHeapSize                          = 104857600                                 {product} {command line}
     uint JVMCIThreadsPerNativeLibraryRuntime      = 1                                   {JVMCI product} {jimage}
   size_t MaxHeapSize                              = 536870912                                 {product} {command line}
   size_t MaxNewSize                               = 178782208                                 {product} {ergonomic}
   size_t MinHeapDeltaBytes                        = 524288                                    {product} {ergonomic}
   size_t MinHeapSize                              = 104857600                                 {product} {command line}
   size_t NewSize                                  = 34603008                                  {product} {ergonomic}
    uintx NonNMethodCodeHeapSize                   = 5826188                                {pd product} {ergonomic}
    uintx NonProfiledCodeHeapSize                  = 122916026                              {pd product} {ergonomic}
   size_t OldSize                                  = 70254592                                  {product} {ergonomic}
    uintx ProfiledCodeHeapSize                     = 122916026                              {pd product} {ergonomic}
    uintx ReservedCodeCacheSize                    = 251658240                              {pd product} {ergonomic}
     bool SegmentedCodeCache                       = true                                      {product} {ergonomic}
   size_t SoftMaxHeapSize                          = 536870912                              {manageable} {ergonomic}
     intx ThreadPriorityPolicy                     = 1                                         {product} {jimage}
     bool UseCompressedClassPointers               = true                           {product lp64_product} {ergonomic}
     bool UseCompressedOops                        = true                           {product lp64_product} {ergonomic}
     bool UseParallelGC                            = true                                      {product} {command line}

Logging:
Log output configuration:
 #0: stdout all=warning uptime,level,tags
 #1: stderr all=off uptime,level,tags

Environment Variables:
JAVA_HOME=/nix/store/gpxl5qgg8kicmcvivwmybwjlpf7wh20l-graalvm17-ce-22.3.0
PATH=/nix/store/1d6ian3r8kdzspw8hacjhl3xkp40g1lj-binutils-wrapper-2.39/bin:/nix/store/dq0xwmsk1g0i2ayg6pb7y87na2knzylh-gcc-wrapper-11.3.0/bin:/nix/store/bap4d0lpcrhpwmpb8ayjcgkmvfj62lnq-bash-interactive-5.1-p16/bin:/nix/store/pr5n59mb4jzmfx6kanwxly0l07p861fg-patchelf-0.15.0/bin:/nix/store/1gf2flfqnpqbr1b4p4qz2f72y42bs56r-gcc-11.3.0/bin:/nix/store/57xv61c5zi8pphjbcwxxjlgc34p61ic9-glibc-2.35-163-bin/bin:/nix/store/a7gvj343m05j2s32xcnwr35v31ynlypr-coreutils-9.1/bin:/nix/store/039g378vc3pc3dvi9dzdlrd0i4q93qwf-binutils-2.39/bin:/nix/store/gpxl5qgg8kicmcvivwmybwjlpf7wh20l-graalvm17-ce-22.3.0/bin:/nix/store/6z9ag3ihc8mq2hzsw48lhbznvzny65nz-apache-maven-3.8.6/bin:/nix/store/a7s9klvriqi68xz3qjc0qyfl5h86xc16-jdt-language-server-1.9.0/bin:/nix/store/48ifl2w60a3zp7yskbpnvn8jp9jdsb7k-java-debug/bin:/nix/store/mydc6f4k2z73xlcz7ilif3v2lcaiqvza-findutils-4.9.0/bin:/nix/store/j9p3g8472iijd50vhdprx0nmk2fqn5gv-diffutils-3.8/bin:/nix/store/89zs7rms6x00xfq4dq6m7mjnhkr8a6r4-gnused-4.8/bin:/nix/store/86bp03jkmsl6f92w0yzg4s59g5mhxwmy-gnugrep-3.7/bin:/nix/store/hwcdqw4jrjnd37wxqgsd47hd0j8bnj09-gawk-5.1.1/bin:/nix/store/cfbhw8r8ags41vwqaz47r583d0p4h4a1-gnutar-1.34/bin:/nix/store/p3m1ndl1lapwrlh698bnb5lvvxh67378-gzip-1.12/bin:/nix/store/a8mhcagrsly7c7mpjrpsnaahk4aax056-bzip2-1.0.8-bin/bin:/nix/store/mblgz65m3zv9x548a3d5m96fj2pbwr09-gnumake-4.3/bin:/nix/store/dsd5gz46hdbdk2rfdimqddhq6m8m8fqs-bash-5.1-p16/bin:/nix/store/v7ljksji50mg3w61dykaa3n3y79n6nil-patch-2.7.6/bin:/nix/store/zlcnmqq14jz5x9439jf937mvayyl63da-xz-5.2.7-bin/bin:/nix/store/y6aj732zm9m87c82fpvf103a1xb22blp-file-5.43/bin:/nix/store/yq0vlv3d2f5si3ibawpq5ay2pc6knixp-nix-2.18.0pre20230808_c0e6466/bin:/nix/store/i4kzir3m7mrisxmf5xvlnkw01x4qaqr4-prybar-elisp-0.0.0-e0d9a52/bin:/nix/store/lwwivxf6h7x3cvxp9zv8sj0mv7dak99r-prybar-lua-0.0.0-e0d9a52/bin:/nix/store/gxj28g1cg4hq3qanmjv07156h800qr58-prybar-python3-0.0.0-e0d9a52/bin:/nix/store/hshkjnxrgidigf8x75vg6lqng2xlx9i3-prybar-sqlite-0.0.0-e0d9a52/bin:/nix/store/c4w01bpjgyy5ixmwdk8m1pw87zq4sl
LD_LIBRARY_PATH=/nix/store/a4pff549sk2idnkpzk5nsfps3mdkdnvm-cups-2.4.2-lib/lib:/nix/store/72mqxxhh3cy5yifh92wh2yb8cl2hikyy-cairo-1.16.0/lib:/nix/store/2k366jrbsra97gjfxwvrhvixjfxdach5-glib-2.74.1/lib:/nix/store/2j2znigd8ak37rlwh9khz0ry3clqlw1l-gtk+3-3.24.34/lib:/nix/store/hisqvx32cd57apbpcsnkpx6k3549wql1-libglvnd-1.4.0/lib:/nix/store/p36pgcv991mq5srvg765b78yqpxvk3qs-mesa-21.3.3-drivers/lib:/nix/store/mav4251if1ahjq5vkpwycyyvnmy459c4-pulseaudio-14.2/lib
DISPLAY=:0
LANG=en_US.UTF-8

Signal Handlers:
   SIGSEGV: crash_handler in libjvm.so, mask=11100100010111111101111111111110, flags=SA_RESTART|SA_SIGINFO
    SIGBUS: crash_handler in libjvm.so, mask=11100100010111111101111111111110, flags=SA_RESTART|SA_SIGINFO
    SIGFPE: crash_handler in libjvm.so, mask=11100100010111111101111111111110, flags=SA_RESTART|SA_SIGINFO
   SIGPIPE: IsolateEnterStub_IgnoreSIGPIPEStartupHook_noopSignalHandler_8f19bff2f35b5f630d83b364d6b2339320d4ec70_216e8361c6bc87a8f89f58cc10d3b2fd4415bf87 in libjvmcicompiler.so, mask=00000000000000000000000000000000, flags=SA_RESTART
  *** Handler was modified!
  *** Expected: javaSignalHandler in libjvm.so, mask=11100100110111111111111111111110, flags=SA_RESTART|SA_SIGINFO
   SIGXFSZ: javaSignalHandler in libjvm.so, mask=11100100010111111101111111111110, flags=SA_RESTART|SA_SIGINFO
    SIGILL: crash_handler in libjvm.so, mask=11100100010111111101111111111110, flags=SA_RESTART|SA_SIGINFO
   SIGUSR2: SR_handler in libjvm.so, mask=00000000000000000000000000000000, flags=SA_RESTART|SA_SIGINFO
    SIGHUP: UserHandler in libjvm.so, mask=11100100010111111101111111111110, flags=SA_RESTART|SA_SIGINFO
    SIGINT: UserHandler in libjvm.so, mask=11100100010111111101111111111110, flags=SA_RESTART|SA_SIGINFO
   SIGTERM: UserHandler in libjvm.so, mask=11100100010111111101111111111110, flags=SA_RESTART|SA_SIGINFO
   SIGQUIT: UserHandler in libjvm.so, mask=11100100010111111101111111111110, flags=SA_RESTART|SA_SIGINFO
  *** Handler was modified!
  *** Expected: javaSignalHandler in libjvm.so, mask=11100100110111111111111111111110, flags=SA_RESTART|SA_SIGINFO
   SIGTRAP: crash_handler in libjvm.so, mask=11100100010111111101111111111110, flags=SA_RESTART|SA_SIGINFO


---------------  S Y S T E M  ---------------

OS:
DISTRIB_ID=Ubuntu
DISTRIB_RELEASE=20.04
DISTRIB_CODENAME=focal
DISTRIB_DESCRIPTION="Ubuntu 20.04.2 LTS"
uname: Linux 6.2.0-1018-gcp #20~22.04.1-Ubuntu SMP Mon Oct 23 12:29:43 UTC 2023 x86_64
OS uptime: 0 days 13:47 hours
libc: glibc 2.35 NPTL 2.35 
rlimit (soft/hard): STACK 8192k/infinity , CORE infinity/infinity , NPROC infinity/infinity , NOFILE 5242/5242 , AS infinity/infinity , CPU infinity/infinity , DATA infinity/infinity , FSIZE infinity/infinity , MEMLOCK 8192k/8192k
load average: 6.28 5.40 5.84

/proc/meminfo:
MemTotal:       65835928 kB
MemFree:        37976500 kB
MemAvailable:   49474596 kB
Buffers:         1410168 kB
Cached:          9700440 kB
SwapCached:            0 kB
Active:          6359228 kB
Inactive:       19635808 kB
Active(anon):      11740 kB
Inactive(anon): 14609396 kB
Active(file):    6347488 kB
Inactive(file):  5026412 kB
Unevictable:       27972 kB
Mlocked:           27972 kB
SwapTotal:             0 kB
SwapFree:              0 kB
Zswap:                 0 kB
Zswapped:              0 kB
Dirty:              2232 kB
Writeback:             0 kB
AnonPages:      14138376 kB
Mapped:          1333380 kB
Shmem:             17468 kB
KReclaimable:     858840 kB
Slab:            1266864 kB
SReclaimable:     858840 kB
SUnreclaim:       408024 kB
KernelStack:       95832 kB
PageTables:       185900 kB
SecPageTables:         0 kB
NFS_Unstable:          0 kB
Bounce:                0 kB
WritebackTmp:          0 kB
CommitLimit:    32917964 kB
Committed_AS:   43216484 kB
VmallocTotal:   34359738367 kB
VmallocUsed:      118712 kB
VmallocChunk:          0 kB
Percpu:            23936 kB
HardwareCorrupted:     0 kB
AnonHugePages:   2498560 kB
ShmemHugePages:        0 kB
ShmemPmdMapped:        0 kB
FileHugePages:         0 kB
FilePmdMapped:         0 kB
HugePages_Total:       0
HugePages_Free:        0
HugePages_Rsvd:        0
HugePages_Surp:        0
Hugepagesize:       2048 kB
Hugetlb:               0 kB
DirectMap4k:      238392 kB
DirectMap2M:    28069888 kB
DirectMap1G:    40894464 kB

/sys/kernel/mm/transparent_hugepage/enabled: always [madvise] never
/sys/kernel/mm/transparent_hugepage/defrag (defrag/compaction efforts parameter): always defer defer+madvise [madvise] never

Process Memory:
Virtual Size: 4522620K (peak: 4608828K)
Resident Set Size: 787748K (peak: 819736K) (anon: 590192K, file: 197556K, shmem: 0K)
Swapped out: 0K
C-Heap outstanding allocations: 41152K, retained: 11943K
glibc malloc tunables: (default)

/proc/sys/kernel/threads-max (system-wide limit on the number of threads): 514278
/proc/sys/vm/max_map_count (maximum number of memory map areas a process may have): 65530
/proc/sys/kernel/pid_max (system-wide limit on number of process identifiers): 4194304

container (cgroup) information:
container_type: cgroupv2
cpu_cpuset_cpus: not supported
cpu_memory_nodes: not supported
active_processor_count: 1
cpu_quota: 50000
cpu_period: 100000
cpu_shares: no shares
memory_limit_in_bytes: 1048576 k
memory_and_swap_limit_in_bytes: unlimited
memory_soft_limit_in_bytes: 524288 k
memory_usage_in_bytes: 684008 k
memory_max_usage_in_bytes: not supported
maximum number of tasks: not supported
current number of tasks: not supported

KVM virtualization detected
Steal ticks since vm start: 8912
Steal ticks percentage since vm start:  0.004

CPU: total 8 (initial active 1) (4 cores per cpu, 2 threads per core) family 6 model 79 stepping 0 microcode 0xffffffff, cx8, cmov, fxsr, ht, mmx, 3dnowpref, sse, sse2, sse3, ssse3, sse4.1, sse4.2, popcnt, lzcnt, tsc, tscinvbit, avx, avx2, aes, erms, clmul, bmi1, bmi2, rtm, adx, fma, vzeroupper, clflush, hv
CPU Model and flags from /proc/cpuinfo:
model name	: Intel(R) Xeon(R) CPU @ 2.20GHz
flags		: fpu vme de pse tsc msr pae mce cx8 apic sep mtrr pge mca cmov pat pse36 clflush mmx fxsr sse sse2 ss ht syscall nx pdpe1gb rdtscp lm constant_tsc rep_good nopl xtopology nonstop_tsc cpuid tsc_known_freq pni pclmulqdq ssse3 fma cx16 pcid sse4_1 sse4_2 x2apic movbe popcnt aes xsave avx f16c rdrand hypervisor lahf_lm abm 3dnowprefetch invpcid_single pti ssbd ibrs ibpb stibp fsgsbase tsc_adjust bmi1 hle avx2 smep bmi2 erms invpcid rtm rdseed adx smap xsaveopt arat md_clear arch_capabilities

Online cpus: 0-7
Offline cpus: 
BIOS frequency limitation: <Not Available>
Frequency switch latency (ns): <Not Available>
Available cpu frequencies: <Not Available>
Current governor: <Not Available>
Core performance/turbo boost: <Not Available>

Memory: 4k page, physical 1048576k(364556k free), swap 0k(0k free)
Page Sizes: 4k

vm_info: OpenJDK 64-Bit Server VM (17.0.5+8-jvmci-22.3-b08) for linux-amd64 JRE (17.0.5+8-jvmci-22.3-b08), built on Oct 19 2022 09:01:27 by "buildslave" with gcc 10.3.0

END.
